"C:/Users/Administrator/Downloads/HandTracking20221223/Content/FPWeapon/Materials/MaterialLayers/T_ML_FineRubber.uasset" 0
"C:/Users/Administrator/Downloads/HandTracking20221223/Content/FPWeapon/Materials/MaterialLayers/T_ML_FineRubber.uexp" 1
"C:/Users/Administrator/Downloads/HandTracking20221223/Content/FPWeapon/Materials/MaterialLayers/T_ML_FineRubber.ubulk" 2
"../../../Engine/Content/EditorResources/MatineeCam_D.uasset" 3
"../../../Engine/Content/EditorResources/MatineeCam_D.uexp" 4
"../../../Engine/Content/EditorMaterials/MatineeCam_mat.uasset" 5
"../../../Engine/Content/EditorMaterials/MatineeCam_mat.uexp" 6
"../../../Engine/Content/EditorMeshes/MatineeCam_SM.uasset" 7
"../../../Engine/Content/EditorMeshes/MatineeCam_SM.uexp" 8
"../../../Engine/Content/EditorBlueprintResources/StandardMacros.uasset" 9
"../../../Engine/Content/EditorBlueprintResources/StandardMacros.uexp" 10
"C:/Users/Administrator/Downloads/HandTracking20221223/Content/VRSpectator/RT_VRSpectator.uasset" 11
"C:/Users/Administrator/Downloads/HandTracking20221223/Content/VRSpectator/RT_VRSpectator.uexp" 12
"C:/Users/Administrator/Downloads/HandTracking20221223/Content/VRSpectator/VRSpectator.uasset" 13
"C:/Users/Administrator/Downloads/HandTracking20221223/Content/VRSpectator/VRSpectator.uexp" 14
"C:/Users/Administrator/Downloads/HandTracking20221223/Content/VRTemplate/Haptics/PistolFireHapticEffect.uasset" 15
"C:/Users/Administrator/Downloads/HandTracking20221223/Content/VRTemplate/Haptics/PistolFireHapticEffect.uexp" 16
"C:/Users/Administrator/Downloads/HandTracking20221223/Content/VRTemplate/Materials/M_Projectile.uasset" 17
"C:/Users/Administrator/Downloads/HandTracking20221223/Content/VRTemplate/Materials/M_Projectile.uexp" 18
"C:/Users/Administrator/Downloads/HandTracking20221223/Content/VRTemplate/Materials/MI_Projectile.uasset" 19
"C:/Users/Administrator/Downloads/HandTracking20221223/Content/VRTemplate/Materials/MI_Projectile.uexp" 20
"../../../Engine/Content/EngineMaterials/T_Default_Material_Grid_N.uasset" 21
"../../../Engine/Content/EngineMaterials/T_Default_Material_Grid_N.uexp" 22
"../../../Engine/Content/EngineMaterials/T_Default_Material_Grid_N.ubulk" 23
"../../../Engine/Content/EngineMaterials/T_Default_Material_Grid_M.uasset" 24
"../../../Engine/Content/EngineMaterials/T_Default_Material_Grid_M.uexp" 25
"../../../Engine/Content/EngineMaterials/T_Default_Material_Grid_M.ubulk" 26
"../../../Engine/Content/Functions/Engine_MaterialFunctions01/Opacity/CameraDepthFade.uasset" 27
"../../../Engine/Content/Functions/Engine_MaterialFunctions01/Opacity/CameraDepthFade.uexp" 28
"../../../Engine/Content/EngineMaterials/DefaultMaterial.uasset" 29
"../../../Engine/Content/EngineMaterials/DefaultMaterial.uexp" 30
"../../../Engine/Content/BasicShapes/Sphere.uasset" 31
"../../../Engine/Content/BasicShapes/Sphere.uexp" 32
"C:/Users/Administrator/Downloads/HandTracking20221223/Content/VRTemplate/Blueprints/Projectile.uasset" 33
"C:/Users/Administrator/Downloads/HandTracking20221223/Content/VRTemplate/Blueprints/Projectile.uexp" 34
"C:/Users/Administrator/Downloads/HandTracking20221223/Content/VRTemplate/Blueprints/VRInteractionBPI.uasset" 35
"C:/Users/Administrator/Downloads/HandTracking20221223/Content/VRTemplate/Blueprints/VRInteractionBPI.uexp" 36
"C:/Users/Administrator/Downloads/HandTracking20221223/Content/VRTemplate/Blueprints/GrabType.uasset" 37
"C:/Users/Administrator/Downloads/HandTracking20221223/Content/VRTemplate/Blueprints/GrabType.uexp" 38
"C:/Users/Administrator/Downloads/HandTracking20221223/Content/VRTemplate/Haptics/GrabHapticEffect.uasset" 39
"C:/Users/Administrator/Downloads/HandTracking20221223/Content/VRTemplate/Haptics/GrabHapticEffect.uexp" 40
"C:/Users/Administrator/Downloads/HandTracking20221223/Content/VRTemplate/Blueprints/GrabComponent.uasset" 41
"C:/Users/Administrator/Downloads/HandTracking20221223/Content/VRTemplate/Blueprints/GrabComponent.uexp" 42
"C:/Users/Administrator/Downloads/HandTracking20221223/Content/FPWeapon/Mesh/SK_FPGun_Skeleton.uasset" 43
"C:/Users/Administrator/Downloads/HandTracking20221223/Content/FPWeapon/Mesh/SK_FPGun_Skeleton.uexp" 44
"C:/Users/Administrator/Downloads/HandTracking20221223/Content/FPWeapon/Mesh/SK_FPGun_PhysicsAsset.uasset" 45
"C:/Users/Administrator/Downloads/HandTracking20221223/Content/FPWeapon/Mesh/SK_FPGun_PhysicsAsset.uexp" 46
"C:/Users/Administrator/Downloads/HandTracking20221223/Content/FPWeapon/Textures/T_FPGun_N.uasset" 47
"C:/Users/Administrator/Downloads/HandTracking20221223/Content/FPWeapon/Textures/T_FPGun_N.uexp" 48
"C:/Users/Administrator/Downloads/HandTracking20221223/Content/FPWeapon/Textures/T_FPGun_N.ubulk" 49
"C:/Users/Administrator/Downloads/HandTracking20221223/Content/FPWeapon/Textures/T_FPGun_M.uasset" 50
"C:/Users/Administrator/Downloads/HandTracking20221223/Content/FPWeapon/Textures/T_FPGun_M.uexp" 51
"C:/Users/Administrator/Downloads/HandTracking20221223/Content/FPWeapon/Textures/T_FPGun_M.ubulk" 52
"C:/Users/Administrator/Downloads/HandTracking20221223/Content/FPWeapon/Materials/MaterialLayers/T_ML_Rubber_Blue_01_N.uasset" 53
"C:/Users/Administrator/Downloads/HandTracking20221223/Content/FPWeapon/Materials/MaterialLayers/T_ML_Rubber_Blue_01_N.uexp" 54
"C:/Users/Administrator/Downloads/HandTracking20221223/Content/FPWeapon/Materials/MaterialLayers/T_ML_Rubber_Blue_01_N.ubulk" 55
"C:/Users/Administrator/Downloads/HandTracking20221223/Content/FPWeapon/Materials/MaterialLayers/T_ML_Rubber_Blue_01_D.uasset" 56
"C:/Users/Administrator/Downloads/HandTracking20221223/Content/FPWeapon/Materials/MaterialLayers/T_ML_Rubber_Blue_01_D.uexp" 57
"C:/Users/Administrator/Downloads/HandTracking20221223/Content/FPWeapon/Materials/MaterialLayers/T_ML_Rubber_Blue_01_D.ubulk" 58
"C:/Users/Administrator/Downloads/HandTracking20221223/Content/FPWeapon/Materials/MaterialLayers/T_ML_Aluminum01_N.uasset" 59
"C:/Users/Administrator/Downloads/HandTracking20221223/Content/FPWeapon/Materials/MaterialLayers/T_ML_Aluminum01_N.uexp" 60
"C:/Users/Administrator/Downloads/HandTracking20221223/Content/FPWeapon/Materials/MaterialLayers/T_ML_Aluminum01_N.ubulk" 61
"C:/Users/Administrator/Downloads/HandTracking20221223/Content/FPWeapon/Materials/MaterialLayers/T_ML_Aluminum01.uasset" 62
"C:/Users/Administrator/Downloads/HandTracking20221223/Content/FPWeapon/Materials/MaterialLayers/T_ML_Aluminum01.uexp" 63
"C:/Users/Administrator/Downloads/HandTracking20221223/Content/FPWeapon/Materials/MaterialLayers/T_ML_Aluminum01.ubulk" 64
"C:/Users/Administrator/Downloads/HandTracking20221223/Content/FPWeapon/Materials/MaterialLayers/ML_SoftMetal_UE4.uasset" 65
"C:/Users/Administrator/Downloads/HandTracking20221223/Content/FPWeapon/Materials/MaterialLayers/ML_SoftMetal_UE4.uexp" 66
"C:/Users/Administrator/Downloads/HandTracking20221223/Content/FPWeapon/Materials/MaterialLayers/ML_Screen.uasset" 67
"C:/Users/Administrator/Downloads/HandTracking20221223/Content/FPWeapon/Materials/MaterialLayers/ML_Screen.uexp" 68
"C:/Users/Administrator/Downloads/HandTracking20221223/Content/FPWeapon/Materials/MaterialLayers/ML_Plastic_Shiny_Beige.uasset" 69
"C:/Users/Administrator/Downloads/HandTracking20221223/Content/FPWeapon/Materials/MaterialLayers/ML_Plastic_Shiny_Beige.uexp" 70
"C:/Users/Administrator/Downloads/HandTracking20221223/Content/FPWeapon/Materials/MaterialLayers/ML_GlossyBlack_Latex_UE4.uasset" 71
"C:/Users/Administrator/Downloads/HandTracking20221223/Content/FPWeapon/Materials/MaterialLayers/ML_GlossyBlack_Latex_UE4.uexp" 72
"../../../Engine/Content/Functions/MaterialLayerFunctions/MatLayerBlend_Simple.uasset" 73
"../../../Engine/Content/Functions/MaterialLayerFunctions/MatLayerBlend_Simple.uexp" 74
"../../../Engine/Content/Functions/Engine_MaterialFunctions02/Utility/BlendAngleCorrectedNormals.uasset" 75
"../../../Engine/Content/Functions/Engine_MaterialFunctions02/Utility/BlendAngleCorrectedNormals.uexp" 76
"../../../Engine/Content/Functions/MaterialLayerFunctions/MatLayerBlend_NormalBlend.uasset" 77
"../../../Engine/Content/Functions/MaterialLayerFunctions/MatLayerBlend_NormalBlend.uexp" 78
"C:/Users/Administrator/Downloads/HandTracking20221223/Content/FPWeapon/Materials/M_FPGun.uasset" 79
"C:/Users/Administrator/Downloads/HandTracking20221223/Content/FPWeapon/Materials/M_FPGun.uexp" 80
"C:/Users/Administrator/Downloads/HandTracking20221223/Content/FPWeapon/Mesh/SK_FPGun.uasset" 81
"C:/Users/Administrator/Downloads/HandTracking20221223/Content/FPWeapon/Mesh/SK_FPGun.uexp" 82
"C:/Users/Administrator/Downloads/HandTracking20221223/Content/VRTemplate/Blueprints/Pistol.uasset" 83
"C:/Users/Administrator/Downloads/HandTracking20221223/Content/VRTemplate/Blueprints/Pistol.uexp" 84
"../../../Engine/Content/EngineMeshes/Cylinder.uasset" 85
"../../../Engine/Content/EngineMeshes/Cylinder.uexp" 86
"../../../Engine/Plugins/FX/Niagara/Content/Modules/Update/Color/Color.uasset" 87
"../../../Engine/Plugins/FX/Niagara/Content/Modules/Update/Color/Color.uexp" 88
"../../../Engine/Plugins/FX/Niagara/Content/Enums/ENiagaraRandomnessMode.uasset" 89
"../../../Engine/Plugins/FX/Niagara/Content/Enums/ENiagaraRandomnessMode.uexp" 90
"../../../Engine/Plugins/FX/Niagara/Content/Functions/GetRandomInfo.uasset" 91
"../../../Engine/Plugins/FX/Niagara/Content/Functions/GetRandomInfo.uexp" 92
"../../../Engine/Plugins/FX/Niagara/Content/Functions/RandomRangeFloat.uasset" 93
"../../../Engine/Plugins/FX/Niagara/Content/Functions/RandomRangeFloat.uexp" 94
"../../../Engine/Plugins/FX/Niagara/Content/Functions/Localspace/SimulationPosition.uasset" 95
"../../../Engine/Plugins/FX/Niagara/Content/Functions/Localspace/SimulationPosition.uexp" 96
"../../../Engine/Plugins/FX/Niagara/Content/Modules/Spawn/Initialization/InitializeParticle.uasset" 97
"../../../Engine/Plugins/FX/Niagara/Content/Modules/Spawn/Initialization/InitializeParticle.uexp" 98
"../../../Engine/Plugins/FX/Niagara/Content/Functions/DirectionAndLengthSafe.uasset" 99
"../../../Engine/Plugins/FX/Niagara/Content/Functions/DirectionAndLengthSafe.uexp" 100
"../../../Engine/Plugins/FX/Niagara/Content/Modules/Solvers/SolveForcesAndVelocity.uasset" 101
"../../../Engine/Plugins/FX/Niagara/Content/Modules/Solvers/SolveForcesAndVelocity.uexp" 102
"../../../Engine/Plugins/FX/Niagara/Content/DynamicInputs/ValueFromCurve/FloatFromCurve.uasset" 103
"../../../Engine/Plugins/FX/Niagara/Content/DynamicInputs/ValueFromCurve/FloatFromCurve.uexp" 104
"../../../Engine/Plugins/FX/Niagara/Content/DynamicInputs/ValueFromCurve/ColorFromCurve.uasset" 105
"../../../Engine/Plugins/FX/Niagara/Content/DynamicInputs/ValueFromCurve/ColorFromCurve.uexp" 106
"../../../Engine/Plugins/FX/Niagara/Content/Enums/ENiagaraSystemInactiveMode.uasset" 107
"../../../Engine/Plugins/FX/Niagara/Content/Enums/ENiagaraSystemInactiveMode.uexp" 108
"../../../Engine/Plugins/FX/Niagara/Content/Enums/ENiagaraInactiveMode.uasset" 109
"../../../Engine/Plugins/FX/Niagara/Content/Enums/ENiagaraInactiveMode.uexp" 110
"../../../Engine/Plugins/FX/Niagara/Content/Enums/ENiagaraEmitterScalabilityMode_Limited.uasset" 111
"../../../Engine/Plugins/FX/Niagara/Content/Enums/ENiagaraEmitterScalabilityMode_Limited.uexp" 112
"../../../Engine/Plugins/FX/Niagara/Content/Enums/ENiagara_InfiniteLoopDuration.uasset" 113
"../../../Engine/Plugins/FX/Niagara/Content/Enums/ENiagara_InfiniteLoopDuration.uexp" 114
"../../../Engine/Plugins/FX/Niagara/Content/Enums/ENiagara_EmitterStateOptions.uasset" 115
"../../../Engine/Plugins/FX/Niagara/Content/Enums/ENiagara_EmitterStateOptions.uexp" 116
"../../../Engine/Plugins/FX/Niagara/Content/Modules/Update/Lifetime/ParticleState.uasset" 117
"../../../Engine/Plugins/FX/Niagara/Content/Modules/Update/Lifetime/ParticleState.uexp" 118
"../../../Engine/Plugins/FX/Niagara/Content/Functions/System/SystemChangeState.uasset" 119
"../../../Engine/Plugins/FX/Niagara/Content/Functions/System/SystemChangeState.uexp" 120
"../../../Engine/Plugins/FX/Niagara/Content/Modules/System/SystemState.uasset" 121
"../../../Engine/Plugins/FX/Niagara/Content/Modules/System/SystemState.uexp" 122
"../../../Engine/Plugins/FX/Niagara/Content/Enums/ENiagaraRandomnessEvaluation.uasset" 123
"../../../Engine/Plugins/FX/Niagara/Content/Enums/ENiagaraRandomnessEvaluation.uexp" 124
"../../../Engine/Plugins/FX/Niagara/Content/Functions/V2/CalculateRandomRangeFloat.uasset" 125
"../../../Engine/Plugins/FX/Niagara/Content/Functions/V2/CalculateRandomRangeFloat.uexp" 126
"../../../Engine/Plugins/FX/Niagara/Content/Modules/Emitter/SpawnBurst_Instantaneous.uasset" 127
"../../../Engine/Plugins/FX/Niagara/Content/Modules/Emitter/SpawnBurst_Instantaneous.uexp" 128
"../../../Engine/Plugins/FX/Niagara/Content/Functions/Emitter/EmitterChangeState.uasset" 129
"../../../Engine/Plugins/FX/Niagara/Content/Functions/Emitter/EmitterChangeState.uexp" 130
"../../../Engine/Plugins/FX/Niagara/Content/Enums/ENiagaraExecutionStateManagement.uasset" 131
"../../../Engine/Plugins/FX/Niagara/Content/Enums/ENiagaraExecutionStateManagement.uexp" 132
"../../../Engine/Plugins/FX/Niagara/Content/Enums/ENiagaraEmitterLifeCycleMode.uasset" 133
"../../../Engine/Plugins/FX/Niagara/Content/Enums/ENiagaraEmitterLifeCycleMode.uexp" 134
"../../../Engine/Plugins/FX/Niagara/Content/Modules/Emitter/EmitterState.uasset" 135
"../../../Engine/Plugins/FX/Niagara/Content/Modules/Emitter/EmitterState.uexp" 136
"../../../Engine/Plugins/FX/Niagara/Content/Functions/Spline/FindPositionOnBezierSpline.uasset" 137
"../../../Engine/Plugins/FX/Niagara/Content/Functions/Spline/FindPositionOnBezierSpline.uexp" 138
"../../../Engine/Plugins/FX/Niagara/Content/Functions/NormalizedExecutionIndex.uasset" 139
"../../../Engine/Plugins/FX/Niagara/Content/Functions/NormalizedExecutionIndex.uexp" 140
"../../../Engine/Plugins/FX/Niagara/Content/Modules/Beams/SpawnBeam.uasset" 141
"../../../Engine/Plugins/FX/Niagara/Content/Modules/Beams/SpawnBeam.uexp" 142
"../../../Engine/Plugins/FX/Niagara/Content/Modules/Beams/BeamWidth.uasset" 143
"../../../Engine/Plugins/FX/Niagara/Content/Modules/Beams/BeamWidth.uexp" 144
"../../../Engine/Plugins/FX/Niagara/Content/Functions/Localspace/TransformBase.uasset" 145
"../../../Engine/Plugins/FX/Niagara/Content/Functions/Localspace/TransformBase.uexp" 146
"../../../Engine/Plugins/FX/Niagara/Content/Functions/Localspace/TransformVector.uasset" 147
"../../../Engine/Plugins/FX/Niagara/Content/Functions/Localspace/TransformVector.uexp" 148
"../../../Engine/Plugins/FX/Niagara/Content/Functions/Localspace/TransformPosition.uasset" 149
"../../../Engine/Plugins/FX/Niagara/Content/Functions/Localspace/TransformPosition.uexp" 150
"../../../Engine/Plugins/FX/Niagara/Content/DynamicInputs/Multiply/Multiply_VectorByFloat.uasset" 151
"../../../Engine/Plugins/FX/Niagara/Content/DynamicInputs/Multiply/Multiply_VectorByFloat.uexp" 152
"../../../Engine/Plugins/FX/Niagara/Content/DynamicInputs/Helpers/SimulationPosition.uasset" 153
"../../../Engine/Plugins/FX/Niagara/Content/DynamicInputs/Helpers/SimulationPosition.uexp" 154
"../../../Engine/Plugins/FX/Niagara/Content/Modules/Beams/BeamEmitterSetup.uasset" 155
"../../../Engine/Plugins/FX/Niagara/Content/Modules/Beams/BeamEmitterSetup.uexp" 156
"C:/Users/Administrator/Downloads/HandTracking20221223/Content/VRTemplate/Materials/DefaultRibbonMaterial_NoGradient.uasset" 157
"C:/Users/Administrator/Downloads/HandTracking20221223/Content/VRTemplate/Materials/DefaultRibbonMaterial_NoGradient.uexp" 158
"C:/Users/Administrator/Downloads/HandTracking20221223/Content/VRTemplate/VFX/NS_TeleportTrace.uasset" 159
"C:/Users/Administrator/Downloads/HandTracking20221223/Content/VRTemplate/VFX/NS_TeleportTrace.uexp" 160
"C:/Users/Administrator/Downloads/HandTracking20221223/Plugins/PICOXR/Content/Meshes/Hand/RightHand/S_Twohandonemesh_r.uasset" 161
"C:/Users/Administrator/Downloads/HandTracking20221223/Plugins/PICOXR/Content/Meshes/Hand/RightHand/S_Twohandonemesh_r.uexp" 162
"C:/Users/Administrator/Downloads/HandTracking20221223/Plugins/PICOXR/Content/Meshes/Hand/RightHand/PA_Twohandonemesh_R.uasset" 163
"C:/Users/Administrator/Downloads/HandTracking20221223/Plugins/PICOXR/Content/Meshes/Hand/RightHand/PA_Twohandonemesh_R.uexp" 164
"../../../Engine/Content/Functions/Engine_MaterialFunctions02/SmoothStep.uasset" 165
"../../../Engine/Content/Functions/Engine_MaterialFunctions02/SmoothStep.uexp" 166
"C:/Users/Administrator/Downloads/HandTracking20221223/Plugins/PICOXR/Content/Materials/Hand/M_Outline.uasset" 167
"C:/Users/Administrator/Downloads/HandTracking20221223/Plugins/PICOXR/Content/Materials/Hand/M_Outline.uexp" 168
"C:/Users/Administrator/Downloads/HandTracking20221223/Plugins/PICOXR/Content/Materials/Hand/MI_Outline.uasset" 169
"C:/Users/Administrator/Downloads/HandTracking20221223/Plugins/PICOXR/Content/Materials/Hand/MI_Outline.uexp" 170
"../../../Engine/Content/Functions/Engine_MaterialFunctions02/WorldPositionOffset/LocalPosition.uasset" 171
"../../../Engine/Content/Functions/Engine_MaterialFunctions02/WorldPositionOffset/LocalPosition.uexp" 172
"C:/Users/Administrator/Downloads/HandTracking20221223/Plugins/PICOXR/Content/Materials/Hand/M_Hand.uasset" 173
"C:/Users/Administrator/Downloads/HandTracking20221223/Plugins/PICOXR/Content/Materials/Hand/M_Hand.uexp" 174
"C:/Users/Administrator/Downloads/HandTracking20221223/Plugins/PICOXR/Content/Materials/Hand/MI_Hand_L.uasset" 175
"C:/Users/Administrator/Downloads/HandTracking20221223/Plugins/PICOXR/Content/Materials/Hand/MI_Hand_L.uexp" 176
"C:/Users/Administrator/Downloads/HandTracking20221223/Plugins/PICOXR/Content/Meshes/Hand/RightHand/SM_Twohandonemesh_r.uasset" 177
"C:/Users/Administrator/Downloads/HandTracking20221223/Plugins/PICOXR/Content/Meshes/Hand/RightHand/SM_Twohandonemesh_r.uexp" 178
"C:/Users/Administrator/Downloads/HandTracking20221223/Plugins/PICOXR/Content/Meshes/Hand/Ray/HandClickArrowBlended_Skeleton.uasset" 179
"C:/Users/Administrator/Downloads/HandTracking20221223/Plugins/PICOXR/Content/Meshes/Hand/Ray/HandClickArrowBlended_Skeleton.uexp" 180
"C:/Users/Administrator/Downloads/HandTracking20221223/Plugins/PICOXR/Content/Meshes/Hand/Ray/HandClickArrowBlended_PhysicsAsset.uasset" 181
"C:/Users/Administrator/Downloads/HandTracking20221223/Plugins/PICOXR/Content/Meshes/Hand/Ray/HandClickArrowBlended_PhysicsAsset.uexp" 182
"C:/Users/Administrator/Downloads/HandTracking20221223/Plugins/PICOXR/Content/Materials/Hand/M_Raymat.uasset" 183
"C:/Users/Administrator/Downloads/HandTracking20221223/Plugins/PICOXR/Content/Materials/Hand/M_Raymat.uexp" 184
"C:/Users/Administrator/Downloads/HandTracking20221223/Plugins/PICOXR/Content/Materials/Hand/MI_RaymatState1.uasset" 185
"C:/Users/Administrator/Downloads/HandTracking20221223/Plugins/PICOXR/Content/Materials/Hand/MI_RaymatState1.uexp" 186
"C:/Users/Administrator/Downloads/HandTracking20221223/Plugins/PICOXR/Content/Meshes/Hand/Ray/HandClickArrowBlended.uasset" 187
"C:/Users/Administrator/Downloads/HandTracking20221223/Plugins/PICOXR/Content/Meshes/Hand/Ray/HandClickArrowBlended.uexp" 188
"C:/Users/Administrator/Downloads/HandTracking20221223/Plugins/PICOXR/Content/Materials/Hand/MI_RaymatState2.uasset" 189
"C:/Users/Administrator/Downloads/HandTracking20221223/Plugins/PICOXR/Content/Materials/Hand/MI_RaymatState2.uexp" 190
"C:/Users/Administrator/Downloads/HandTracking20221223/Plugins/PICOXR/Content/Blueprint/HandTracking/BP_Ray.uasset" 191
"C:/Users/Administrator/Downloads/HandTracking20221223/Plugins/PICOXR/Content/Blueprint/HandTracking/BP_Ray.uexp" 192
"C:/Users/Administrator/Downloads/HandTracking20221223/Plugins/PICOXR/Content/Blueprint/HandTracking/BP_XRHandComponent.uasset" 193
"C:/Users/Administrator/Downloads/HandTracking20221223/Plugins/PICOXR/Content/Blueprint/HandTracking/BP_XRHandComponent.uexp" 194
"C:/Users/Administrator/Downloads/HandTracking20221223/Plugins/PICOXR/Content/Blueprint/HandTracking/BP_XRHandComponent_Right.uasset" 195
"C:/Users/Administrator/Downloads/HandTracking20221223/Plugins/PICOXR/Content/Blueprint/HandTracking/BP_XRHandComponent_Right.uexp" 196
"C:/Users/Administrator/Downloads/HandTracking20221223/Plugins/PICOXR/Content/Meshes/Hand/LeftHand/S_Twohandonemesh_L.uasset" 197
"C:/Users/Administrator/Downloads/HandTracking20221223/Plugins/PICOXR/Content/Meshes/Hand/LeftHand/S_Twohandonemesh_L.uexp" 198
"C:/Users/Administrator/Downloads/HandTracking20221223/Plugins/PICOXR/Content/Meshes/Hand/LeftHand/PA_Twohandonemesh_L.uasset" 199
"C:/Users/Administrator/Downloads/HandTracking20221223/Plugins/PICOXR/Content/Meshes/Hand/LeftHand/PA_Twohandonemesh_L.uexp" 200
"C:/Users/Administrator/Downloads/HandTracking20221223/Plugins/PICOXR/Content/Meshes/Hand/LeftHand/SM_Twohandonemesh_L.uasset" 201
"C:/Users/Administrator/Downloads/HandTracking20221223/Plugins/PICOXR/Content/Meshes/Hand/LeftHand/SM_Twohandonemesh_L.uexp" 202
"C:/Users/Administrator/Downloads/HandTracking20221223/Plugins/PICOXR/Content/Blueprint/HandTracking/BP_XRHandComponent_Left.uasset" 203
"C:/Users/Administrator/Downloads/HandTracking20221223/Plugins/PICOXR/Content/Blueprint/HandTracking/BP_XRHandComponent_Left.uexp" 204
"../../../Engine/Plugins/FX/Niagara/Content/Enums/ENiagaraTorusMode.uasset" 205
"../../../Engine/Plugins/FX/Niagara/Content/Enums/ENiagaraTorusMode.uexp" 206
"../../../Engine/Content/BasicShapes/Cylinder.uasset" 207
"../../../Engine/Content/BasicShapes/Cylinder.uexp" 208
"../../../Engine/Plugins/FX/Niagara/Content/Functions/RandomRange.uasset" 209
"../../../Engine/Plugins/FX/Niagara/Content/Functions/RandomRange.uexp" 210
"../../../Engine/Plugins/FX/Niagara/Content/Functions/PolarToCartesianCoordinates.uasset" 211
"../../../Engine/Plugins/FX/Niagara/Content/Functions/PolarToCartesianCoordinates.uexp" 212
"../../../Engine/Plugins/FX/Niagara/Content/Functions/ParametricTorusKnot.uasset" 213
"../../../Engine/Plugins/FX/Niagara/Content/Functions/ParametricTorusKnot.uexp" 214
"../../../Engine/Plugins/FX/Niagara/Content/Functions/ParametricTorus.uasset" 215
"../../../Engine/Plugins/FX/Niagara/Content/Functions/ParametricTorus.uexp" 216
"../../../Engine/Plugins/FX/Niagara/Content/Functions/Rotation/MultiplyVectorWithQuaternion.uasset" 217
"../../../Engine/Plugins/FX/Niagara/Content/Functions/Rotation/MultiplyVectorWithQuaternion.uexp" 218
"../../../Engine/Plugins/FX/Niagara/Content/Functions/Rotation/FindQuatBetween.uasset" 219
"../../../Engine/Plugins/FX/Niagara/Content/Functions/Rotation/FindQuatBetween.uexp" 220
"../../../Engine/Plugins/FX/Niagara/Content/Functions/Rotation/AxisAngleToQuaternion.uasset" 221
"../../../Engine/Plugins/FX/Niagara/Content/Functions/Rotation/AxisAngleToQuaternion.uexp" 222
"../../../Engine/Plugins/FX/Niagara/Content/Functions/Rotation/MultiplyQuaternion.uasset" 223
"../../../Engine/Plugins/FX/Niagara/Content/Functions/Rotation/MultiplyQuaternion.uexp" 224
"../../../Engine/Plugins/FX/Niagara/Content/Enums/ENiagaraTorusDistributionMode.uasset" 225
"../../../Engine/Plugins/FX/Niagara/Content/Enums/ENiagaraTorusDistributionMode.uexp" 226
"../../../Engine/Plugins/FX/Niagara/Content/Modules/Spawn/Location/TorusLocation.uasset" 227
"../../../Engine/Plugins/FX/Niagara/Content/Modules/Spawn/Location/TorusLocation.uexp" 228
"../../../Engine/Plugins/FX/Niagara/Content/Functions/LinearColor/HueShiftLinearColor.uasset" 229
"../../../Engine/Plugins/FX/Niagara/Content/Functions/LinearColor/HueShiftLinearColor.uexp" 230
"../../../Engine/Plugins/FX/Niagara/Content/Functions/V2/CalculateRandomRange.uasset" 231
"../../../Engine/Plugins/FX/Niagara/Content/Functions/V2/CalculateRandomRange.uexp" 232
"../../../Engine/Plugins/FX/Niagara/Content/Enums/Ribbons/ENiagara_UnsetDirectSet.uasset" 233
"../../../Engine/Plugins/FX/Niagara/Content/Enums/Ribbons/ENiagara_UnsetDirectSet.uexp" 234
"../../../Engine/Plugins/FX/Niagara/Content/Enums/ENiagaraChannelCorrelation.uasset" 235
"../../../Engine/Plugins/FX/Niagara/Content/Enums/ENiagaraChannelCorrelation.uexp" 236
"../../../Engine/Plugins/FX/Niagara/Content/Enums/ENiagara_PositionInitializationMode.uasset" 237
"../../../Engine/Plugins/FX/Niagara/Content/Enums/ENiagara_PositionInitializationMode.uexp" 238
"../../../Engine/Plugins/FX/Niagara/Content/Enums/ENiagara_MassInitializationMode.uasset" 239
"../../../Engine/Plugins/FX/Niagara/Content/Enums/ENiagara_MassInitializationMode.uexp" 240
"../../../Engine/Plugins/FX/Niagara/Content/Enums/ENiagara_LifetimeMode.uasset" 241
"../../../Engine/Plugins/FX/Niagara/Content/Enums/ENiagara_LifetimeMode.uexp" 242
"../../../Engine/Plugins/FX/Niagara/Content/Enums/ENiagara_ColorInitializationMode.uasset" 243
"../../../Engine/Plugins/FX/Niagara/Content/Enums/ENiagara_ColorInitializationMode.uexp" 244
"../../../Engine/Plugins/FX/Niagara/Content/Modules/Spawn/Initialization/InitializeRibbon.uasset" 245
"../../../Engine/Plugins/FX/Niagara/Content/Modules/Spawn/Initialization/InitializeRibbon.uexp" 246
"../../../Engine/Plugins/FX/Niagara/Content/DynamicInputs/Execution/ReturnNormalizedExecIndex.uasset" 247
"../../../Engine/Plugins/FX/Niagara/Content/DynamicInputs/Execution/ReturnNormalizedExecIndex.uexp" 248
"../../../Engine/Plugins/FX/Niagara/Content/Enums/Ribbons/ENiagara_UnsetDirectSetRandom.uasset" 249
"../../../Engine/Plugins/FX/Niagara/Content/Enums/Ribbons/ENiagara_UnsetDirectSetRandom.uexp" 250
"../../../Engine/Plugins/FX/Niagara/Content/Enums/ENiagara_UVFlippingMode.uasset" 251
"../../../Engine/Plugins/FX/Niagara/Content/Enums/ENiagara_UVFlippingMode.uexp" 252
"../../../Engine/Plugins/FX/Niagara/Content/Enums/ENiagara_SpriteRotationMode.uasset" 253
"../../../Engine/Plugins/FX/Niagara/Content/Enums/ENiagara_SpriteRotationMode.uexp" 254
"../../../Engine/Plugins/FX/Niagara/Content/Enums/ENiagara_SizeScaleMode.uasset" 255
"../../../Engine/Plugins/FX/Niagara/Content/Enums/ENiagara_SizeScaleMode.uexp" 256
"../../../Engine/Plugins/FX/Niagara/Content/Functions/V2/CalculateRandomRangeInteger.uasset" 257
"../../../Engine/Plugins/FX/Niagara/Content/Functions/V2/CalculateRandomRangeInteger.uexp" 258
"../../../Engine/Plugins/FX/Niagara/Content/Functions/V2/CalculateRandomBool.uasset" 259
"../../../Engine/Plugins/FX/Niagara/Content/Functions/V2/CalculateRandomBool.uexp" 260
"../../../Engine/Plugins/FX/Niagara/Content/Modules/Spawn/Initialization/V2/InitializeParticle.uasset" 261
"../../../Engine/Plugins/FX/Niagara/Content/Modules/Spawn/Initialization/V2/InitializeParticle.uexp" 262
"C:/Users/Administrator/Downloads/HandTracking20221223/Content/VRTemplate/VFX/NPC_VRTemplate.uasset" 263
"C:/Users/Administrator/Downloads/HandTracking20221223/Content/VRTemplate/VFX/NPC_VRTemplate.uexp" 264
"../../../Engine/Content/EngineMaterials/Good64x64TilingNoiseHighFreq.uasset" 265
"../../../Engine/Content/EngineMaterials/Good64x64TilingNoiseHighFreq.uexp" 266
"../../../Engine/Content/Functions/Engine_MaterialFunctions02/Utility/CameraDirectionVector.uasset" 267
"../../../Engine/Content/Functions/Engine_MaterialFunctions02/Utility/CameraDirectionVector.uexp" 268
"../../../Engine/Content/Functions/Engine_MaterialFunctions02/Utility/DepthFromWorldPosition.uasset" 269
"../../../Engine/Content/Functions/Engine_MaterialFunctions02/Utility/DepthFromWorldPosition.uexp" 270
"C:/Users/Administrator/Downloads/HandTracking20221223/Content/VRTemplate/Materials/Functions/MF_OccludedPixels.uasset" 271
"C:/Users/Administrator/Downloads/HandTracking20221223/Content/VRTemplate/Materials/Functions/MF_OccludedPixels.uexp" 272
"C:/Users/Administrator/Downloads/HandTracking20221223/Content/VRTemplate/Materials/M_TeleportNoise.uasset" 273
"C:/Users/Administrator/Downloads/HandTracking20221223/Content/VRTemplate/Materials/M_TeleportNoise.uexp" 274
"C:/Users/Administrator/Downloads/HandTracking20221223/Content/VRTemplate/Materials/M_TeleportCylinder.uasset" 275
"C:/Users/Administrator/Downloads/HandTracking20221223/Content/VRTemplate/Materials/M_TeleportCylinder.uexp" 276
"C:/Users/Administrator/Downloads/HandTracking20221223/Content/VRTemplate/VFX/NS_TeleportRing.uasset" 277
"C:/Users/Administrator/Downloads/HandTracking20221223/Content/VRTemplate/VFX/NS_TeleportRing.uexp" 278
"../../../Engine/Plugins/FX/Niagara/Content/Enums/ENiagaraArraySamplingMode.uasset" 279
"../../../Engine/Plugins/FX/Niagara/Content/Enums/ENiagaraArraySamplingMode.uexp" 280
"../../../Engine/Plugins/FX/Niagara/Content/Enums/ENiagara_WrapClamp.uasset" 281
"../../../Engine/Plugins/FX/Niagara/Content/Enums/ENiagara_WrapClamp.uexp" 282
"../../../Engine/Plugins/FX/Niagara/Content/DynamicInputs/Multiply/Multiply_Vector.uasset" 283
"../../../Engine/Plugins/FX/Niagara/Content/DynamicInputs/Multiply/Multiply_Vector.uexp" 284
"../../../Engine/Plugins/FX/Niagara/Content/DynamicInputs/Execution/ReturnExecIndex.uasset" 285
"../../../Engine/Plugins/FX/Niagara/Content/DynamicInputs/Execution/ReturnExecIndex.uexp" 286
"../../../Engine/Plugins/FX/Niagara/Content/DynamicInputs/Arrays/SelectVectorFromArray.uasset" 287
"../../../Engine/Plugins/FX/Niagara/Content/DynamicInputs/Arrays/SelectVectorFromArray.uexp" 288
"C:/Users/Administrator/Downloads/HandTracking20221223/Content/VRTemplate/VFX/NS_PlayAreaBounds.uasset" 289
"C:/Users/Administrator/Downloads/HandTracking20221223/Content/VRTemplate/VFX/NS_PlayAreaBounds.uexp" 290
"C:/Users/Administrator/Downloads/HandTracking20221223/Content/VRTemplate/Blueprints/VRTeleportVisualizer.uasset" 291
"C:/Users/Administrator/Downloads/HandTracking20221223/Content/VRTemplate/Blueprints/VRTeleportVisualizer.uexp" 292
"C:/Users/Administrator/Downloads/HandTracking20221223/Content/VRTemplate/Blueprints/WidgetMenu.uasset" 293
"C:/Users/Administrator/Downloads/HandTracking20221223/Content/VRTemplate/Blueprints/WidgetMenu.uexp" 294
"C:/Users/Administrator/Downloads/HandTracking20221223/Content/VRTemplate/VFX/NS_MenuLaser.uasset" 295
"C:/Users/Administrator/Downloads/HandTracking20221223/Content/VRTemplate/VFX/NS_MenuLaser.uexp" 296
"C:/Users/Administrator/Downloads/HandTracking20221223/Content/VRTemplate/Materials/M_VRCursor.uasset" 297
"C:/Users/Administrator/Downloads/HandTracking20221223/Content/VRTemplate/Materials/M_VRCursor.uexp" 298
"C:/Users/Administrator/Downloads/HandTracking20221223/Content/VRTemplate/Blueprints/Menu.uasset" 299
"C:/Users/Administrator/Downloads/HandTracking20221223/Content/VRTemplate/Blueprints/Menu.uexp" 300
"C:/Users/Administrator/Downloads/HandTracking20221223/Content/UI/M_Rays.uasset" 301
"C:/Users/Administrator/Downloads/HandTracking20221223/Content/UI/M_Rays.uexp" 302
"C:/Users/Administrator/Downloads/HandTracking20221223/Content/VRTemplate/Blueprints/VRPawn.uasset" 303
"C:/Users/Administrator/Downloads/HandTracking20221223/Content/VRTemplate/Blueprints/VRPawn.uexp" 304
"C:/Users/Administrator/Downloads/HandTracking20221223/Content/VRTemplate/Blueprints/VRGameMode.uasset" 305
"C:/Users/Administrator/Downloads/HandTracking20221223/Content/VRTemplate/Blueprints/VRGameMode.uexp" 306
"C:/Users/Administrator/Downloads/HandTracking20221223/Content/VRTemplate/Blueprints/XRHandTest.uasset" 307
"C:/Users/Administrator/Downloads/HandTracking20221223/Content/VRTemplate/Blueprints/XRHandTest.uexp" 308
"C:/Users/Administrator/Downloads/HandTracking20221223/Content/VRTemplate/Materials/Functions/MF_LightmassReplace.uasset" 309
"C:/Users/Administrator/Downloads/HandTracking20221223/Content/VRTemplate/Materials/Functions/MF_LightmassReplace.uexp" 310
"../../../Engine/Content/Animation/DefaultAnimBoneCompressionSettings.uasset" 311
"../../../Engine/Content/Animation/DefaultAnimBoneCompressionSettings.uexp" 312
"../../../Engine/Content/Animation/DefaultAnimCurveCompressionSettings.uasset" 313
"../../../Engine/Content/Animation/DefaultAnimCurveCompressionSettings.uexp" 314
"../../../Engine/Content/EngineMaterials/WorldGridMaterial.uasset" 315
"../../../Engine/Content/EngineMaterials/WorldGridMaterial.uexp" 316
"../../../Engine/Content/ArtTools/RenderToTexture/Meshes/S_1_Unit_Plane.uasset" 317
"../../../Engine/Content/ArtTools/RenderToTexture/Meshes/S_1_Unit_Plane.uexp" 318
"../../../Engine/Content/BasicShapes/Cone.uasset" 319
"../../../Engine/Content/BasicShapes/Cone.uexp" 320
"../../../Engine/Content/BasicShapes/Plane.uasset" 321
"../../../Engine/Content/BasicShapes/Plane.uexp" 322
"../../../Engine/Content/EditorLandscapeResources/DataLayer.uasset" 323
"../../../Engine/Content/EditorLandscapeResources/DataLayer.uexp" 324
"../../../Engine/Content/EditorLandscapeResources/DefaultAlphaTexture.uasset" 325
"../../../Engine/Content/EditorLandscapeResources/DefaultAlphaTexture.uexp" 326
"../../../Engine/Content/EditorMaterials/MAT_Groups_Toggle.uasset" 327
"../../../Engine/Content/EditorMaterials/MAT_Groups_Toggle.uexp" 328
"../../../Engine/Content/EditorMaterials/MAT_Groups_Visibility.uasset" 329
"../../../Engine/Content/EditorMaterials/MAT_Groups_Visibility.uexp" 330
"../../../Engine/Content/EditorMaterials/PreviewShadowIndicator.uasset" 331
"../../../Engine/Content/EditorMaterials/PreviewShadowIndicator.uexp" 332
"../../../Engine/Content/EditorMaterials/PreviewShadowIndicator.ubulk" 333
"../../../Engine/Content/EditorMaterials/PreviewShadowIndicatorMaterial.uasset" 334
"../../../Engine/Content/EditorMaterials/PreviewShadowIndicatorMaterial.uexp" 335
"../../../Engine/Content/EditorMaterials/MatineeGroups/MAT_ColorTrack.uasset" 336
"../../../Engine/Content/EditorMaterials/MatineeGroups/MAT_ColorTrack.uexp" 337
"../../../Engine/Content/EditorMaterials/MatineeGroups/MAT_Groups_Anim.uasset" 338
"../../../Engine/Content/EditorMaterials/MatineeGroups/MAT_Groups_Anim.uexp" 339
"../../../Engine/Content/EditorMaterials/MatineeGroups/MAT_Groups_AudioMaster.uasset" 340
"../../../Engine/Content/EditorMaterials/MatineeGroups/MAT_Groups_AudioMaster.uexp" 341
"../../../Engine/Content/EditorMaterials/MatineeGroups/MAT_Groups_Director.uasset" 342
"../../../Engine/Content/EditorMaterials/MatineeGroups/MAT_Groups_Director.uexp" 343
"../../../Engine/Content/EditorMaterials/MatineeGroups/MAT_Groups_Event.uasset" 344
"../../../Engine/Content/EditorMaterials/MatineeGroups/MAT_Groups_Event.uexp" 345
"../../../Engine/Content/EditorMaterials/MatineeGroups/MAT_Groups_Fade.uasset" 346
"../../../Engine/Content/EditorMaterials/MatineeGroups/MAT_Groups_Fade.uexp" 347
"../../../Engine/Content/EditorMaterials/MatineeGroups/MAT_Groups_Float.uasset" 348
"../../../Engine/Content/EditorMaterials/MatineeGroups/MAT_Groups_Float.uexp" 349
"../../../Engine/Content/EditorMaterials/MatineeGroups/MAT_Groups_Move.uasset" 350
"../../../Engine/Content/EditorMaterials/MatineeGroups/MAT_Groups_Move.uexp" 351
"../../../Engine/Content/EditorMaterials/MatineeGroups/MAT_Groups_Slomo.uasset" 352
"../../../Engine/Content/EditorMaterials/MatineeGroups/MAT_Groups_Slomo.uexp" 353
"../../../Engine/Content/EditorMaterials/MatineeGroups/MAT_Groups_Sound.uasset" 354
"../../../Engine/Content/EditorMaterials/MatineeGroups/MAT_Groups_Sound.uexp" 355
"../../../Engine/Content/EditorMaterials/MatineeGroups/MAT_Groups_Vector.uasset" 356
"../../../Engine/Content/EditorMaterials/MatineeGroups/MAT_Groups_Vector.uexp" 357
"../../../Engine/Content/EditorMaterials/ParticleSystems/PSysThumbnail_NoImage.uasset" 358
"../../../Engine/Content/EditorMaterials/ParticleSystems/PSysThumbnail_NoImage.uexp" 359
"../../../Engine/Content/EditorMaterials/ParticleSystems/PSysThumbnail_NoImage.ubulk" 360
"../../../Engine/Content/EditorMaterials/ParticleSystems/PSysThumbnail_OOD.uasset" 361
"../../../Engine/Content/EditorMaterials/ParticleSystems/PSysThumbnail_OOD.uexp" 362
"../../../Engine/Content/EditorMaterials/ParticleSystems/PSysThumbnail_OOD.ubulk" 363
"../../../Engine/Content/EditorMaterials/Camera/CineMat.uasset" 364
"../../../Engine/Content/EditorMaterials/Camera/CineMat.uexp" 365
"../../../Engine/Content/EditorMaterials/Camera/MI_CineMat_Rig.uasset" 366
"../../../Engine/Content/EditorMaterials/Camera/MI_CineMat_Rig.uexp" 367
"../../../Engine/Content/EditorMeshes/Camera/SM_CraneRig_Arm.uasset" 368
"../../../Engine/Content/EditorMeshes/Camera/SM_CraneRig_Arm.uexp" 369
"../../../Engine/Content/EditorMeshes/Camera/SM_CraneRig_Base.uasset" 370
"../../../Engine/Content/EditorMeshes/Camera/SM_CraneRig_Base.uexp" 371
"../../../Engine/Content/EditorMeshes/Camera/SM_CraneRig_Body.uasset" 372
"../../../Engine/Content/EditorMeshes/Camera/SM_CraneRig_Body.uexp" 373
"../../../Engine/Content/EditorMeshes/Camera/SM_CraneRig_Mount.uasset" 374
"../../../Engine/Content/EditorMeshes/Camera/SM_CraneRig_Mount.uexp" 375
"../../../Engine/Content/EditorMeshes/Camera/SM_RailRig_Mount.uasset" 376
"../../../Engine/Content/EditorMeshes/Camera/SM_RailRig_Mount.uexp" 377
"../../../Engine/Content/EditorMeshes/Camera/SM_RailRig_Track.uasset" 378
"../../../Engine/Content/EditorMeshes/Camera/SM_RailRig_Track.uexp" 379
"../../../Engine/Content/EditorResources/BSPVertex.uasset" 380
"../../../Engine/Content/EditorResources/BSPVertex.uexp" 381
"../../../Engine/Content/EditorResources/EmptyActor.uasset" 382
"../../../Engine/Content/EditorResources/EmptyActor.uexp" 383
"../../../Engine/Content/EditorResources/S_Actor.uasset" 384
"../../../Engine/Content/EditorResources/S_Actor.uexp" 385
"../../../Engine/Content/EditorResources/S_Actor.ubulk" 386
"../../../Engine/Content/EditorResources/S_Note.uasset" 387
"../../../Engine/Content/EditorResources/S_Note.uexp" 388
"../../../Engine/Content/EditorResources/S_Note.ubulk" 389
"../../../Engine/Content/EditorResources/S_Solver.uasset" 390
"../../../Engine/Content/EditorResources/S_Solver.uexp" 391
"../../../Engine/Content/EditorResources/S_Solver.ubulk" 392
"../../../Engine/Content/EditorResources/S_Terrain.uasset" 393
"../../../Engine/Content/EditorResources/S_Terrain.uexp" 394
"../../../Engine/Content/EditorResources/S_Terrain.ubulk" 395
"../../../Engine/Content/EditorResources/S_Trigger.uasset" 396
"../../../Engine/Content/EditorResources/S_Trigger.uexp" 397
"../../../Engine/Content/EditorResources/S_Trigger.ubulk" 398
"../../../Engine/Content/EditorResources/AudioIcons/S_AudioComponent_AutoActivate.uasset" 399
"../../../Engine/Content/EditorResources/AudioIcons/S_AudioComponent_AutoActivate.uexp" 400
"../../../Engine/Content/EditorResources/AudioIcons/S_AudioComponent_AutoActivate.ubulk" 401
"../../../Engine/Content/EditorResources/LightIcons/S_LightError.uasset" 402
"../../../Engine/Content/EditorResources/LightIcons/S_LightError.uexp" 403
"../../../Engine/Content/EditorResources/SequenceRecorder/Countdown.uasset" 404
"../../../Engine/Content/EditorResources/SequenceRecorder/Countdown.uexp" 405
"../../../Engine/Content/EditorResources/SequenceRecorder/RecordingIndicator.uasset" 406
"../../../Engine/Content/EditorResources/SequenceRecorder/RecordingIndicator.uexp" 407
"../../../Engine/Content/EngineDamageTypes/DmgTypeBP_Environmental.uasset" 408
"../../../Engine/Content/EngineDamageTypes/DmgTypeBP_Environmental.uexp" 409
"../../../Engine/Content/EngineDebugMaterials/DebugEditorMaterial.uasset" 410
"../../../Engine/Content/EngineDebugMaterials/DebugEditorMaterial.uexp" 411
"../../../Engine/Content/EngineDebugMaterials/DebugMeshMaterial.uasset" 412
"../../../Engine/Content/EngineDebugMaterials/DebugMeshMaterial.uexp" 413
"../../../Engine/Content/EngineDebugMaterials/M_SimpleUnlitTranslucent.uasset" 414
"../../../Engine/Content/EngineDebugMaterials/M_SimpleUnlitTranslucent.uexp" 415
"../../../Engine/Content/EngineDebugMaterials/VolumeToRender.uasset" 416
"../../../Engine/Content/EngineDebugMaterials/VolumeToRender.uexp" 417
"../../../Engine/Content/EngineDebugMaterials/M_VolumeRenderSphereTracePP.uasset" 418
"../../../Engine/Content/EngineDebugMaterials/M_VolumeRenderSphereTracePP.uexp" 419
"../../../Engine/Content/Functions/Engine_MaterialFunctions01/Shading/ConvertFromDiffSpec.uasset" 420
"../../../Engine/Content/Functions/Engine_MaterialFunctions01/Shading/ConvertFromDiffSpec.uexp" 421
"../../../Engine/Content/EngineDebugMaterials/VertexColorMaterial.uasset" 422
"../../../Engine/Content/EngineDebugMaterials/VertexColorMaterial.uexp" 423
"../../../Engine/Content/EngineDebugMaterials/WireframeMaterial.uasset" 424
"../../../Engine/Content/EngineDebugMaterials/WireframeMaterial.uexp" 425
"../../../Engine/Content/EngineFonts/Faces/RobotoRegular.uasset" 426
"../../../Engine/Content/EngineFonts/Faces/RobotoRegular.uexp" 427
"../../../Engine/Content/EngineFonts/Faces/RobotoRegular.ufont" 428
"../../../Engine/Content/EngineFonts/Faces/RobotoLight.uasset" 429
"../../../Engine/Content/EngineFonts/Faces/RobotoLight.uexp" 430
"../../../Engine/Content/EngineFonts/Faces/RobotoLight.ufont" 431
"../../../Engine/Content/EngineFonts/Faces/RobotoItalic.uasset" 432
"../../../Engine/Content/EngineFonts/Faces/RobotoItalic.uexp" 433
"../../../Engine/Content/EngineFonts/Faces/RobotoItalic.ufont" 434
"../../../Engine/Content/EngineFonts/Faces/RobotoBoldItalic.uasset" 435
"../../../Engine/Content/EngineFonts/Faces/RobotoBoldItalic.uexp" 436
"../../../Engine/Content/EngineFonts/Faces/RobotoBoldItalic.ufont" 437
"../../../Engine/Content/EngineFonts/Faces/RobotoBold.uasset" 438
"../../../Engine/Content/EngineFonts/Faces/RobotoBold.uexp" 439
"../../../Engine/Content/EngineFonts/Faces/RobotoBold.ufont" 440
"../../../Engine/Content/EngineFonts/Faces/DroidSansFallback.uasset" 441
"../../../Engine/Content/EngineFonts/Faces/DroidSansFallback.uexp" 442
"../../../Engine/Content/EngineFonts/Faces/DroidSansFallback.ufont" 443
"../../../Engine/Content/EngineFonts/Roboto.uasset" 444
"../../../Engine/Content/EngineFonts/Roboto.uexp" 445
"../../../Engine/Content/EngineMaterials/BaseFlattenNormalMap.uasset" 446
"../../../Engine/Content/EngineMaterials/BaseFlattenNormalMap.uexp" 447
"../../../Engine/Content/EngineMaterials/BaseFlattenGrayscaleMap.uasset" 448
"../../../Engine/Content/EngineMaterials/BaseFlattenGrayscaleMap.uexp" 449
"../../../Engine/Content/EngineMaterials/BaseFlattenEmissiveMap.uasset" 450
"../../../Engine/Content/EngineMaterials/BaseFlattenEmissiveMap.uexp" 451
"../../../Engine/Content/EngineMaterials/BaseFlattenDiffuseMap.uasset" 452
"../../../Engine/Content/EngineMaterials/BaseFlattenDiffuseMap.uexp" 453
"../../../Engine/Content/EngineMaterials/BaseFlattenMaterial.uasset" 454
"../../../Engine/Content/EngineMaterials/BaseFlattenMaterial.uexp" 455
"../../../Engine/Content/EngineMaterials/BlueNoise.uasset" 456
"../../../Engine/Content/EngineMaterials/BlueNoise.uexp" 457
"../../../Engine/Content/EngineMaterials/DefaultBloomKernel.uasset" 458
"../../../Engine/Content/EngineMaterials/DefaultBloomKernel.uexp" 459
"../../../Engine/Content/EngineMaterials/DefaultBokeh.uasset" 460
"../../../Engine/Content/EngineMaterials/DefaultBokeh.uexp" 461
"../../../Engine/Content/EngineMaterials/DefaultDiffuse.uasset" 462
"../../../Engine/Content/EngineMaterials/DefaultDiffuse.uexp" 463
"../../../Engine/Content/EngineMaterials/DefaultDiffuse.ubulk" 464
"../../../Engine/Content/EngineMaterials/DefaultDeferredDecalMaterial.uasset" 465
"../../../Engine/Content/EngineMaterials/DefaultDeferredDecalMaterial.uexp" 466
"../../../Engine/Content/EngineMaterials/DefaultLightFunctionMaterial.uasset" 467
"../../../Engine/Content/EngineMaterials/DefaultLightFunctionMaterial.uexp" 468
"../../../Engine/Content/EngineMaterials/DefaultPhysicalMaterial.uasset" 469
"../../../Engine/Content/EngineMaterials/DefaultPhysicalMaterial.uexp" 470
"../../../Engine/Content/Functions/Engine_MaterialFunctions02/Utility/BreakOutFloat2Components.uasset" 471
"../../../Engine/Content/Functions/Engine_MaterialFunctions02/Utility/BreakOutFloat2Components.uexp" 472
"../../../Engine/Content/EngineMaterials/DefaultPostProcessMaterial.uasset" 473
"../../../Engine/Content/EngineMaterials/DefaultPostProcessMaterial.uexp" 474
"../../../Engine/Content/EngineFonts/RobotoDistanceField.uasset" 475
"../../../Engine/Content/EngineFonts/RobotoDistanceField.uexp" 476
"../../../Engine/Content/EngineMaterials/DefaultTextMaterialOpaque.uasset" 477
"../../../Engine/Content/EngineMaterials/DefaultTextMaterialOpaque.uexp" 478
"../../../Engine/Content/EngineMaterials/DefaultWhiteGrid.uasset" 479
"../../../Engine/Content/EngineMaterials/DefaultWhiteGrid.uexp" 480
"../../../Engine/Content/EngineMaterials/DefaultWhiteGrid.ubulk" 481
"../../../Engine/Content/EngineMaterials/DefaultWhiteGrid_Low.uasset" 482
"../../../Engine/Content/EngineMaterials/DefaultWhiteGrid_Low.uexp" 483
"../../../Engine/Content/EngineMaterials/EmissiveMeshMaterial.uasset" 484
"../../../Engine/Content/EngineMaterials/EmissiveMeshMaterial.uexp" 485
"../../../Engine/Content/EngineMaterials/GizmoMaterial.uasset" 486
"../../../Engine/Content/EngineMaterials/GizmoMaterial.uexp" 487
"../../../Engine/Content/EngineMaterials/MiniFont.uasset" 488
"../../../Engine/Content/EngineMaterials/MiniFont.uexp" 489
"../../../Engine/Content/EngineMaterials/InvalidLightmapSettings.uasset" 490
"../../../Engine/Content/EngineMaterials/InvalidLightmapSettings.uexp" 491
"../../../Engine/Content/EngineMaterials/InvalidLightmapSettings.ubulk" 492
"../../../Engine/Content/EngineMaterials/M_InvalidLightmapSettings.uasset" 493
"../../../Engine/Content/EngineMaterials/M_InvalidLightmapSettings.uexp" 494
"../../../Engine/Content/Functions/Engine_MaterialFunctions02/WorldPositionOffset/CameraOffset.uasset" 495
"../../../Engine/Content/Functions/Engine_MaterialFunctions02/WorldPositionOffset/CameraOffset.uexp" 496
"../../../Engine/Content/EngineMaterials/PhAT_JointLimitMaterial.uasset" 497
"../../../Engine/Content/EngineMaterials/PhAT_JointLimitMaterial.uexp" 498
"../../../Engine/Content/EngineMaterials/PreintegratedSkinBRDF.uasset" 499
"../../../Engine/Content/EngineMaterials/PreintegratedSkinBRDF.uexp" 500
"../../../Engine/Content/EngineMaterials/RemoveSurfaceMaterial.uasset" 501
"../../../Engine/Content/EngineMaterials/RemoveSurfaceMaterial.uexp" 502
"../../../Engine/Content/EngineMaterials/WeightMapPlaceholderTexture.uasset" 503
"../../../Engine/Content/EngineMaterials/WeightMapPlaceholderTexture.uexp" 504
"../../../Engine/Content/EngineResources/WhiteSquareTexture.uasset" 505
"../../../Engine/Content/EngineResources/WhiteSquareTexture.uexp" 506
"../../../Engine/Content/EngineMaterials/Widget3DPassThrough.uasset" 507
"../../../Engine/Content/EngineMaterials/Widget3DPassThrough.uexp" 508
"../../../Engine/Content/EngineMaterials/Widget3DPassThrough_Masked.uasset" 509
"../../../Engine/Content/EngineMaterials/Widget3DPassThrough_Masked.uexp" 510
"../../../Engine/Content/EngineMaterials/Widget3DPassThrough_Opaque.uasset" 511
"../../../Engine/Content/EngineMaterials/Widget3DPassThrough_Opaque.uexp" 512
"../../../Engine/Content/EngineMaterials/Widget3DPassThrough_Masked_OneSided.uasset" 513
"../../../Engine/Content/EngineMaterials/Widget3DPassThrough_Masked_OneSided.uexp" 514
"../../../Engine/Content/EngineMaterials/Widget3DPassThrough_Opaque_OneSided.uasset" 515
"../../../Engine/Content/EngineMaterials/Widget3DPassThrough_Opaque_OneSided.uexp" 516
"../../../Engine/Content/EngineMaterials/Widget3DPassThrough_Translucent.uasset" 517
"../../../Engine/Content/EngineMaterials/Widget3DPassThrough_Translucent.uexp" 518
"../../../Engine/Content/EngineMaterials/Widget3DPassThrough_Translucent_OneSided.uasset" 519
"../../../Engine/Content/EngineMaterials/Widget3DPassThrough_Translucent_OneSided.uexp" 520
"../../../Engine/Content/EngineMeshes/Sphere.uasset" 521
"../../../Engine/Content/EngineMeshes/Sphere.uexp" 522
"../../../Engine/Content/EngineResources/DefaultTexture.uasset" 523
"../../../Engine/Content/EngineResources/DefaultTexture.uexp" 524
"../../../Engine/Content/EngineResources/DefaultTexture.ubulk" 525
"../../../Engine/Content/EngineResources/DefaultTextureCube.uasset" 526
"../../../Engine/Content/EngineResources/DefaultTextureCube.uexp" 527
"../../../Engine/Content/EngineResources/DefaultVolumeTexture2D.uasset" 528
"../../../Engine/Content/EngineResources/DefaultVolumeTexture2D.uexp" 529
"../../../Engine/Content/EngineResources/DefaultVolumeTexture.uasset" 530
"../../../Engine/Content/EngineResources/DefaultVolumeTexture.uexp" 531
"../../../Engine/Content/EngineResources/GradientTexture0.uasset" 532
"../../../Engine/Content/EngineResources/GradientTexture0.uexp" 533
"../../../Engine/Content/EngineSky/VolumetricClouds/T_NoiseShape64.uasset" 534
"../../../Engine/Content/EngineSky/VolumetricClouds/T_NoiseShape64.uexp" 535
"../../../Engine/Content/EngineSky/VolumetricClouds/T_NoiseShape64.ubulk" 536
"../../../Engine/Content/EngineSky/VolumetricClouds/T_VolumeNoiseShape64.uasset" 537
"../../../Engine/Content/EngineSky/VolumetricClouds/T_VolumeNoiseShape64.uexp" 538
"../../../Engine/Content/EngineSky/VolumetricClouds/T_NoiseErosion.uasset" 539
"../../../Engine/Content/EngineSky/VolumetricClouds/T_NoiseErosion.uexp" 540
"../../../Engine/Content/EngineSky/VolumetricClouds/T_NoiseErosion.ubulk" 541
"../../../Engine/Content/EngineSky/VolumetricClouds/T_VolumeNoiseErosion32.uasset" 542
"../../../Engine/Content/EngineSky/VolumetricClouds/T_VolumeNoiseErosion32.uexp" 543
"../../../Engine/Content/EngineSky/VolumetricClouds/CloudWeatherTexture.uasset" 544
"../../../Engine/Content/EngineSky/VolumetricClouds/CloudWeatherTexture.uexp" 545
"../../../Engine/Content/EngineSky/VolumetricClouds/CloudGradientTexture.uasset" 546
"../../../Engine/Content/EngineSky/VolumetricClouds/CloudGradientTexture.uexp" 547
"../../../Engine/Content/Functions/Engine_MaterialFunctions02/Utility/MakeFloat2.uasset" 548
"../../../Engine/Content/Functions/Engine_MaterialFunctions02/Utility/MakeFloat2.uexp" 549
"../../../Engine/Content/EngineSky/VolumetricClouds/m_SimpleVolumetricCloud.uasset" 550
"../../../Engine/Content/EngineSky/VolumetricClouds/m_SimpleVolumetricCloud.uexp" 551
"../../../Engine/Content/EngineSky/VolumetricClouds/m_SimpleVolumetricCloud_Inst.uasset" 552
"../../../Engine/Content/EngineSky/VolumetricClouds/m_SimpleVolumetricCloud_Inst.uexp" 553
"../../../Engine/Content/EngineSounds/Master.uasset" 554
"../../../Engine/Content/EngineSounds/Master.uexp" 555
"../../../Engine/Content/Functions/Engine_MaterialFunctions01/Shading/PowerToRoughness.uasset" 556
"../../../Engine/Content/Functions/Engine_MaterialFunctions01/Shading/PowerToRoughness.uexp" 557
"../../../Engine/Content/Maps/Templates/Thumbnails/Default.uasset" 558
"../../../Engine/Content/Maps/Templates/Thumbnails/Default.uexp" 559
"../../../Engine/Content/Maps/Templates/Thumbnails/TimeOfDay.uasset" 560
"../../../Engine/Content/Maps/Templates/Thumbnails/TimeOfDay.uexp" 561
"../../../Engine/Content/Maps/Templates/Thumbnails/VR-Basic.uasset" 562
"../../../Engine/Content/Maps/Templates/Thumbnails/VR-Basic.uexp" 563
"../../../Engine/Content/MobileResources/T_MobileControls_texture.uasset" 564
"../../../Engine/Content/MobileResources/T_MobileControls_texture.uexp" 565
"../../../Engine/Content/MobileResources/T_MobileMenu2.uasset" 566
"../../../Engine/Content/MobileResources/T_MobileMenu2.uexp" 567
"../../../Engine/Content/MobileResources/HUD/AnalogHat.uasset" 568
"../../../Engine/Content/MobileResources/HUD/AnalogHat.uexp" 569
"../../../Engine/Content/MobileResources/HUD/VirtualJoystick_Thumb.uasset" 570
"../../../Engine/Content/MobileResources/HUD/VirtualJoystick_Thumb.uexp" 571
"../../../Engine/Content/MobileResources/HUD/VirtualJoystick_Background.uasset" 572
"../../../Engine/Content/MobileResources/HUD/VirtualJoystick_Background.uexp" 573
"../../../Engine/Content/MobileResources/HUD/DefaultVirtualJoysticks.uasset" 574
"../../../Engine/Content/MobileResources/HUD/DefaultVirtualJoysticks.uexp" 575
"../../../Engine/Content/MobileResources/HUD/LeftVirtualJoystickOnly.uasset" 576
"../../../Engine/Content/MobileResources/HUD/LeftVirtualJoystickOnly.uexp" 577
"../../../Engine/Content/MobileResources/HUD/MobileHUDButton1_off.uasset" 578
"../../../Engine/Content/MobileResources/HUD/MobileHUDButton1_off.uexp" 579
"../../../Engine/Content/MobileResources/HUD/MobileHUDButton1_on.uasset" 580
"../../../Engine/Content/MobileResources/HUD/MobileHUDButton1_on.uexp" 581
"../../../Engine/Content/MobileResources/HUD/MobileHUDButton2_off.uasset" 582
"../../../Engine/Content/MobileResources/HUD/MobileHUDButton2_off.uexp" 583
"../../../Engine/Content/MobileResources/HUD/MobileHUDButton2_on.uasset" 584
"../../../Engine/Content/MobileResources/HUD/MobileHUDButton2_on.uexp" 585
"../../../Engine/Content/MobileResources/HUD/MobileHUDButton3.uasset" 586
"../../../Engine/Content/MobileResources/HUD/MobileHUDButton3.uexp" 587
"../../../Engine/Content/MobileResources/HUD/MobileHUDButtonFire.uasset" 588
"../../../Engine/Content/MobileResources/HUD/MobileHUDButtonFire.uexp" 589
"../../../Engine/Content/MobileResources/HUD/MobileHUDDirectionPad.uasset" 590
"../../../Engine/Content/MobileResources/HUD/MobileHUDDirectionPad.uexp" 591
"../../../Engine/Content/MobileResources/HUD/MobileHUDDirectionPad2.uasset" 592
"../../../Engine/Content/MobileResources/HUD/MobileHUDDirectionPad2.uexp" 593
"../../../Engine/Content/MobileResources/HUD/MobileHUDDirectionPad3.uasset" 594
"../../../Engine/Content/MobileResources/HUD/MobileHUDDirectionPad3.uexp" 595
"../../../Engine/Content/MobileResources/HUD/MobileHUDDirectionStick.uasset" 596
"../../../Engine/Content/MobileResources/HUD/MobileHUDDirectionStick.uexp" 597
"../../../Engine/Content/MobileResources/HUD/T_Castle_ThumbstickInner.uasset" 598
"../../../Engine/Content/MobileResources/HUD/T_Castle_ThumbstickInner.uexp" 599
"../../../Engine/Content/MobileResources/HUD/T_Castle_ThumbstickOutter.uasset" 600
"../../../Engine/Content/MobileResources/HUD/T_Castle_ThumbstickOutter.uexp" 601
"../../../Engine/Content/Tutorial/ContentIntroCurve.uasset" 602
"../../../Engine/Content/Tutorial/ContentIntroCurve.uexp" 603
"../../../Engine/Content/VREditor/TransformGizmo/TranslucentTransformGizmoMaterial.uasset" 604
"../../../Engine/Content/VREditor/TransformGizmo/TranslucentTransformGizmoMaterial.uexp" 605
"../../../Engine/Content/VREditor/LaserPointer/VR_LaserPower_01.uasset" 606
"../../../Engine/Content/VREditor/LaserPointer/VR_LaserPower_01.uexp" 607
"../../../Engine/Content/VREditor/LaserPointer/VR_LaserPower_01.ubulk" 608
"../../../Engine/Content/VREditor/TransformGizmo/TransformGizmoMaterial.uasset" 609
"../../../Engine/Content/VREditor/TransformGizmo/TransformGizmoMaterial.uexp" 610
"../../../Engine/Content/VREditor/TransformGizmo/BoundingBoxCorner.uasset" 611
"../../../Engine/Content/VREditor/TransformGizmo/BoundingBoxCorner.uexp" 612
"../../../Engine/Content/VREditor/TransformGizmo/BoundingBoxEdge.uasset" 613
"../../../Engine/Content/VREditor/TransformGizmo/BoundingBoxEdge.uexp" 614
"../../../Engine/Content/VREditor/TransformGizmo/PlaneTranslationHandle.uasset" 615
"../../../Engine/Content/VREditor/TransformGizmo/PlaneTranslationHandle.uexp" 616
"../../../Engine/Content/VREditor/TransformGizmo/Xray.uasset" 617
"../../../Engine/Content/VREditor/TransformGizmo/Xray.uexp" 618
"../../../Engine/Content/VREditor/TransformGizmo/Main.uasset" 619
"../../../Engine/Content/VREditor/TransformGizmo/Main.uexp" 620
"../../../Engine/Content/VREditor/TransformGizmo/SM_Sequencer_Key.uasset" 621
"../../../Engine/Content/VREditor/TransformGizmo/SM_Sequencer_Key.uexp" 622
"../../../Engine/Content/VREditor/TransformGizmo/SM_Sequencer_Node.uasset" 623
"../../../Engine/Content/VREditor/TransformGizmo/SM_Sequencer_Node.uexp" 624
"../../../Engine/Plugins/2D/Paper2D/Content/PlaceholderTextures/DummySpriteTexture.uasset" 625
"../../../Engine/Plugins/2D/Paper2D/Content/PlaceholderTextures/DummySpriteTexture.uexp" 626
"../../../Engine/Plugins/2D/Paper2D/Content/PlaceholderTextures/DummySpriteTexture.ubulk" 627
"../../../Engine/Plugins/2D/Paper2D/Content/DummySprite.uasset" 628
"../../../Engine/Plugins/2D/Paper2D/Content/DummySprite.uexp" 629
"../../../Engine/Plugins/2D/Paper2D/Content/DefaultPaperTerrainMaterial.uasset" 630
"../../../Engine/Plugins/2D/Paper2D/Content/DefaultPaperTerrainMaterial.uexp" 631
"../../../Engine/Plugins/2D/Paper2D/Content/DefaultSpriteMaterial.uasset" 632
"../../../Engine/Plugins/2D/Paper2D/Content/DefaultSpriteMaterial.uexp" 633
"../../../Engine/Plugins/2D/Paper2D/Content/MaskedUnlitSpriteMaterial.uasset" 634
"../../../Engine/Plugins/2D/Paper2D/Content/MaskedUnlitSpriteMaterial.uexp" 635
"../../../Engine/Plugins/2D/Paper2D/Content/OpaqueUnlitSpriteMaterial.uasset" 636
"../../../Engine/Plugins/2D/Paper2D/Content/OpaqueUnlitSpriteMaterial.uexp" 637
"../../../Engine/Content/Functions/Engine_MaterialFunctions02/Utility/BreakOutFloat3Components.uasset" 638
"../../../Engine/Content/Functions/Engine_MaterialFunctions02/Utility/BreakOutFloat3Components.uexp" 639
"../../../Engine/Plugins/Editor/SpeedTreeImporter/Content/SpeedTree9/UnpackInteger3.uasset" 640
"../../../Engine/Plugins/Editor/SpeedTreeImporter/Content/SpeedTree9/UnpackInteger3.uexp" 641
"../../../Engine/Plugins/Editor/SpeedTreeImporter/Content/SpeedTree9/UnpackDirection.uasset" 642
"../../../Engine/Plugins/Editor/SpeedTreeImporter/Content/SpeedTree9/UnpackDirection.uexp" 643
"../../../Engine/Plugins/Editor/SpeedTreeImporter/Content/SpeedTree9/game_wind_noise.uasset" 644
"../../../Engine/Plugins/Editor/SpeedTreeImporter/Content/SpeedTree9/game_wind_noise.uexp" 645
"../../../Engine/Plugins/Editor/SpeedTreeImporter/Content/SpeedTree9/game_wind_noise.ubulk" 646
"../../../Engine/Content/Functions/Engine_MaterialFunctions02/SafeNormalize.uasset" 647
"../../../Engine/Content/Functions/Engine_MaterialFunctions02/SafeNormalize.uexp" 648
"../../../Engine/Plugins/Editor/SpeedTreeImporter/Content/SpeedTree9/SpeedTreeWindMotion.uasset" 649
"../../../Engine/Plugins/Editor/SpeedTreeImporter/Content/SpeedTree9/SpeedTreeWindMotion.uexp" 650
"../../../Engine/Plugins/Editor/SpeedTreeImporter/Content/SpeedTree9/SpeedTreeBranchMotion.uasset" 651
"../../../Engine/Plugins/Editor/SpeedTreeImporter/Content/SpeedTree9/SpeedTreeBranchMotion.uexp" 652
"../../../Engine/Content/Functions/Engine_MaterialFunctions02/ObjectLocalBounds.uasset" 653
"../../../Engine/Content/Functions/Engine_MaterialFunctions02/ObjectLocalBounds.uexp" 654
"../../../Engine/Content/Functions/Engine_MaterialFunctions02/UVs/BoundingBoxBased_0-1_UVW.uasset" 655
"../../../Engine/Content/Functions/Engine_MaterialFunctions02/UVs/BoundingBoxBased_0-1_UVW.uexp" 656
"../../../Engine/Content/Functions/Engine_MaterialFunctions02/Utility/VectorLength.uasset" 657
"../../../Engine/Content/Functions/Engine_MaterialFunctions02/Utility/VectorLength.uexp" 658
"../../../Engine/Content/Functions/Engine_MaterialFunctions02/WorldPositionOffset/ObjectScale.uasset" 659
"../../../Engine/Content/Functions/Engine_MaterialFunctions02/WorldPositionOffset/ObjectScale.uexp" 660
"../../../Engine/Plugins/Editor/SpeedTreeImporter/Content/SpeedTree9/SpeedTreeWind.uasset" 661
"../../../Engine/Plugins/Editor/SpeedTreeImporter/Content/SpeedTree9/SpeedTreeWind.uexp" 662
"../../../Engine/Plugins/Editor/SpeedTreeImporter/Content/SpeedTree9/SpeedTreeBillboard.uasset" 663
"../../../Engine/Plugins/Editor/SpeedTreeImporter/Content/SpeedTree9/SpeedTreeBillboard.uexp" 664
"../../../Engine/Plugins/Editor/SpeedTreeImporter/Content/SpeedTree9/EmptyNormal.uasset" 665
"../../../Engine/Plugins/Editor/SpeedTreeImporter/Content/SpeedTree9/EmptyNormal.uexp" 666
"../../../Engine/Plugins/Editor/SpeedTreeImporter/Content/SpeedTree9/Empty.uasset" 667
"../../../Engine/Plugins/Editor/SpeedTreeImporter/Content/SpeedTree9/Empty.uexp" 668
"../../../Engine/Plugins/Editor/SpeedTreeImporter/Content/SpeedTree9/SpeedTreeBillboardMaster.uasset" 669
"../../../Engine/Plugins/Editor/SpeedTreeImporter/Content/SpeedTree9/SpeedTreeBillboardMaster.uexp" 670
"../../../Engine/Plugins/Editor/SpeedTreeImporter/Content/SpeedTree9/SpeedTreeCameraFacing.uasset" 671
"../../../Engine/Plugins/Editor/SpeedTreeImporter/Content/SpeedTree9/SpeedTreeCameraFacing.uexp" 672
"../../../Engine/Plugins/Editor/SpeedTreeImporter/Content/SpeedTree9/SpeedTreeMaster.uasset" 673
"../../../Engine/Plugins/Editor/SpeedTreeImporter/Content/SpeedTree9/SpeedTreeMaster.uexp" 674
"../../../Engine/Content/ArtTools/RenderToTexture/Materials/Debug/M_Emissive_Color.uasset" 675
"../../../Engine/Content/ArtTools/RenderToTexture/Materials/Debug/M_Emissive_Color.uexp" 676
"../../../Engine/Plugins/Runtime/OpenXR/Content/Devices/GoogleDaydream/MRTexture.uasset" 677
"../../../Engine/Plugins/Runtime/OpenXR/Content/Devices/GoogleDaydream/MRTexture.uexp" 678
"../../../Engine/Plugins/Runtime/OpenXR/Content/Devices/GoogleDaydream/MRTexture.ubulk" 679
"../../../Engine/Plugins/Runtime/OpenXR/Content/Devices/GoogleDaydream/BaseTexture.uasset" 680
"../../../Engine/Plugins/Runtime/OpenXR/Content/Devices/GoogleDaydream/BaseTexture.uexp" 681
"../../../Engine/Plugins/Runtime/OpenXR/Content/Devices/GoogleDaydream/BaseTexture.ubulk" 682
"../../../Engine/Content/EngineResources/Black.uasset" 683
"../../../Engine/Content/EngineResources/Black.uexp" 684
"../../../Engine/Plugins/Runtime/OpenXR/Content/Devices/M_XRController.uasset" 685
"../../../Engine/Plugins/Runtime/OpenXR/Content/Devices/M_XRController.uexp" 686
"../../../Engine/Plugins/Runtime/OpenXR/Content/Devices/GoogleDaydream/MI_GoogleDaydream.uasset" 687
"../../../Engine/Plugins/Runtime/OpenXR/Content/Devices/GoogleDaydream/MI_GoogleDaydream.uexp" 688
"../../../Engine/Plugins/Runtime/OpenXR/Content/Devices/GoogleDaydream/GoogleDaydreamController.uasset" 689
"../../../Engine/Plugins/Runtime/OpenXR/Content/Devices/GoogleDaydream/GoogleDaydreamController.uexp" 690
"../../../Engine/Plugins/Runtime/OpenXR/Content/Devices/HTCVive/BaseTexture.uasset" 691
"../../../Engine/Plugins/Runtime/OpenXR/Content/Devices/HTCVive/BaseTexture.uexp" 692
"../../../Engine/Plugins/Runtime/OpenXR/Content/Devices/HTCVive/BaseTexture.ubulk" 693
"../../../Engine/Plugins/Runtime/OpenXR/Content/Devices/HTCVive/MI_HTCVive.uasset" 694
"../../../Engine/Plugins/Runtime/OpenXR/Content/Devices/HTCVive/MI_HTCVive.uexp" 695
"../../../Engine/Plugins/Runtime/OpenXR/Content/Devices/HTCVive/HTCViveController.uasset" 696
"../../../Engine/Plugins/Runtime/OpenXR/Content/Devices/HTCVive/HTCViveController.uexp" 697
"../../../Engine/Plugins/Runtime/OpenXR/Content/Devices/MicrosoftMixedReality/NormalTexture.uasset" 698
"../../../Engine/Plugins/Runtime/OpenXR/Content/Devices/MicrosoftMixedReality/NormalTexture.uexp" 699
"../../../Engine/Plugins/Runtime/OpenXR/Content/Devices/MicrosoftMixedReality/NormalTexture.ubulk" 700
"../../../Engine/Plugins/Runtime/OpenXR/Content/Devices/MicrosoftMixedReality/MRTexture.uasset" 701
"../../../Engine/Plugins/Runtime/OpenXR/Content/Devices/MicrosoftMixedReality/MRTexture.uexp" 702
"../../../Engine/Plugins/Runtime/OpenXR/Content/Devices/MicrosoftMixedReality/MRTexture.ubulk" 703
"../../../Engine/Plugins/Runtime/OpenXR/Content/Devices/MicrosoftMixedReality/EmissiveTexture.uasset" 704
"../../../Engine/Plugins/Runtime/OpenXR/Content/Devices/MicrosoftMixedReality/EmissiveTexture.uexp" 705
"../../../Engine/Plugins/Runtime/OpenXR/Content/Devices/MicrosoftMixedReality/EmissiveTexture.ubulk" 706
"../../../Engine/Plugins/Runtime/OpenXR/Content/Devices/MicrosoftMixedReality/BaseTexture.uasset" 707
"../../../Engine/Plugins/Runtime/OpenXR/Content/Devices/MicrosoftMixedReality/BaseTexture.uexp" 708
"../../../Engine/Plugins/Runtime/OpenXR/Content/Devices/MicrosoftMixedReality/BaseTexture.ubulk" 709
"../../../Engine/Plugins/Runtime/OpenXR/Content/Devices/MicrosoftMixedReality/MI_MicrosoftMixedReality.uasset" 710
"../../../Engine/Plugins/Runtime/OpenXR/Content/Devices/MicrosoftMixedReality/MI_MicrosoftMixedReality.uexp" 711
"../../../Engine/Plugins/Runtime/OpenXR/Content/Devices/MicrosoftMixedReality/Left/left_MicrosoftMixedRealityController.uasset" 712
"../../../Engine/Plugins/Runtime/OpenXR/Content/Devices/MicrosoftMixedReality/Left/left_MicrosoftMixedRealityController.uexp" 713
"../../../Engine/Plugins/Runtime/OpenXR/Content/Devices/MicrosoftMixedReality/Right/right_MicrosoftMixedRealityController.uasset" 714
"../../../Engine/Plugins/Runtime/OpenXR/Content/Devices/MicrosoftMixedReality/Right/right_MicrosoftMixedRealityController.uexp" 715
"../../../Engine/Plugins/Runtime/OpenXR/Content/Devices/OculusGo/BaseTexture.uasset" 716
"../../../Engine/Plugins/Runtime/OpenXR/Content/Devices/OculusGo/BaseTexture.uexp" 717
"../../../Engine/Plugins/Runtime/OpenXR/Content/Devices/OculusGo/BaseTexture.ubulk" 718
"../../../Engine/Plugins/Runtime/OpenXR/Content/Devices/OculusGo/MI_OculusGo.uasset" 719
"../../../Engine/Plugins/Runtime/OpenXR/Content/Devices/OculusGo/MI_OculusGo.uexp" 720
"../../../Engine/Plugins/Runtime/OpenXR/Content/Devices/OculusGo/OculusGoController.uasset" 721
"../../../Engine/Plugins/Runtime/OpenXR/Content/Devices/OculusGo/OculusGoController.uexp" 722
"../../../Engine/Plugins/Runtime/OpenXR/Content/Devices/OculusTouch/MRTexture.uasset" 723
"../../../Engine/Plugins/Runtime/OpenXR/Content/Devices/OculusTouch/MRTexture.uexp" 724
"../../../Engine/Plugins/Runtime/OpenXR/Content/Devices/OculusTouch/MRTexture.ubulk" 725
"../../../Engine/Plugins/Runtime/OpenXR/Content/Devices/OculusTouch/BaseTexture.uasset" 726
"../../../Engine/Plugins/Runtime/OpenXR/Content/Devices/OculusTouch/BaseTexture.uexp" 727
"../../../Engine/Plugins/Runtime/OpenXR/Content/Devices/OculusTouch/BaseTexture.ubulk" 728
"../../../Engine/Plugins/Runtime/OpenXR/Content/Devices/OculusTouch/MI_OculusTouch.uasset" 729
"../../../Engine/Plugins/Runtime/OpenXR/Content/Devices/OculusTouch/MI_OculusTouch.uexp" 730
"../../../Engine/Plugins/Runtime/OpenXR/Content/Devices/OculusTouch/Left/left_OculusTouchController.uasset" 731
"../../../Engine/Plugins/Runtime/OpenXR/Content/Devices/OculusTouch/Left/left_OculusTouchController.uexp" 732
"../../../Engine/Plugins/Runtime/OpenXR/Content/Devices/OculusTouch/Right/right_OculusTouchController.uasset" 733
"../../../Engine/Plugins/Runtime/OpenXR/Content/Devices/OculusTouch/Right/right_OculusTouchController.uexp" 734
"../../../Engine/Plugins/Runtime/OpenXR/Content/Devices/OculusTouch_v2/MRTexture.uasset" 735
"../../../Engine/Plugins/Runtime/OpenXR/Content/Devices/OculusTouch_v2/MRTexture.uexp" 736
"../../../Engine/Plugins/Runtime/OpenXR/Content/Devices/OculusTouch_v2/MRTexture.ubulk" 737
"../../../Engine/Plugins/Runtime/OpenXR/Content/Devices/OculusTouch_v2/BaseTexture.uasset" 738
"../../../Engine/Plugins/Runtime/OpenXR/Content/Devices/OculusTouch_v2/BaseTexture.uexp" 739
"../../../Engine/Plugins/Runtime/OpenXR/Content/Devices/OculusTouch_v2/BaseTexture.ubulk" 740
"../../../Engine/Plugins/Runtime/OpenXR/Content/Devices/OculusTouch_v2/MI_OculusTouch_v2.uasset" 741
"../../../Engine/Plugins/Runtime/OpenXR/Content/Devices/OculusTouch_v2/MI_OculusTouch_v2.uexp" 742
"../../../Engine/Plugins/Runtime/OpenXR/Content/Devices/OculusTouch_v2/Left/left_OculusTouch_v2Controller.uasset" 743
"../../../Engine/Plugins/Runtime/OpenXR/Content/Devices/OculusTouch_v2/Left/left_OculusTouch_v2Controller.uexp" 744
"../../../Engine/Plugins/Runtime/OpenXR/Content/Devices/OculusTouch_v2/Right/right_OculusTouch_v2Controller.uasset" 745
"../../../Engine/Plugins/Runtime/OpenXR/Content/Devices/OculusTouch_v2/Right/right_OculusTouch_v2Controller.uexp" 746
"../../../Engine/Plugins/Runtime/OpenXR/Content/Devices/OculusTouch_v3/MRTexture.uasset" 747
"../../../Engine/Plugins/Runtime/OpenXR/Content/Devices/OculusTouch_v3/MRTexture.uexp" 748
"../../../Engine/Plugins/Runtime/OpenXR/Content/Devices/OculusTouch_v3/MRTexture.ubulk" 749
"../../../Engine/Plugins/Runtime/OpenXR/Content/Devices/OculusTouch_v3/BaseTexture.uasset" 750
"../../../Engine/Plugins/Runtime/OpenXR/Content/Devices/OculusTouch_v3/BaseTexture.uexp" 751
"../../../Engine/Plugins/Runtime/OpenXR/Content/Devices/OculusTouch_v3/BaseTexture.ubulk" 752
"../../../Engine/Plugins/Runtime/OpenXR/Content/Devices/OculusTouch_v3/MI_OculusTouch_v3.uasset" 753
"../../../Engine/Plugins/Runtime/OpenXR/Content/Devices/OculusTouch_v3/MI_OculusTouch_v3.uexp" 754
"../../../Engine/Plugins/Runtime/OpenXR/Content/Devices/OculusTouch_v3/Left/left_OculusTouch_v3Controller.uasset" 755
"../../../Engine/Plugins/Runtime/OpenXR/Content/Devices/OculusTouch_v3/Left/left_OculusTouch_v3Controller.uexp" 756
"../../../Engine/Plugins/Runtime/OpenXR/Content/Devices/OculusTouch_v3/Right/right_OculusTouch_v3Controller.uasset" 757
"../../../Engine/Plugins/Runtime/OpenXR/Content/Devices/OculusTouch_v3/Right/right_OculusTouch_v3Controller.uexp" 758
"../../../Engine/Plugins/Runtime/OpenXR/Content/Devices/ValveIndex/MRTexture.uasset" 759
"../../../Engine/Plugins/Runtime/OpenXR/Content/Devices/ValveIndex/MRTexture.uexp" 760
"../../../Engine/Plugins/Runtime/OpenXR/Content/Devices/ValveIndex/MRTexture.ubulk" 761
"../../../Engine/Plugins/Runtime/OpenXR/Content/Devices/ValveIndex/BaseTexture.uasset" 762
"../../../Engine/Plugins/Runtime/OpenXR/Content/Devices/ValveIndex/BaseTexture.uexp" 763
"../../../Engine/Plugins/Runtime/OpenXR/Content/Devices/ValveIndex/BaseTexture.ubulk" 764
"../../../Engine/Plugins/Runtime/OpenXR/Content/Devices/ValveIndex/Left/MI_left_ValveIndex.uasset" 765
"../../../Engine/Plugins/Runtime/OpenXR/Content/Devices/ValveIndex/Left/MI_left_ValveIndex.uexp" 766
"../../../Engine/Plugins/Runtime/OpenXR/Content/Devices/ValveIndex/Left/left_ValveIndexController.uasset" 767
"../../../Engine/Plugins/Runtime/OpenXR/Content/Devices/ValveIndex/Left/left_ValveIndexController.uexp" 768
"../../../Engine/Plugins/Runtime/OpenXR/Content/Devices/ValveIndex/Right/MI_right_ValveIndex.uasset" 769
"../../../Engine/Plugins/Runtime/OpenXR/Content/Devices/ValveIndex/Right/MI_right_ValveIndex.uexp" 770
"../../../Engine/Plugins/Runtime/OpenXR/Content/Devices/ValveIndex/Right/right_ValveIndexController.uasset" 771
"../../../Engine/Plugins/Runtime/OpenXR/Content/Devices/ValveIndex/Right/right_ValveIndexController.uexp" 772
"C:/Users/Administrator/Downloads/HandTracking20221223/Plugins/PICOXR/Content/Blueprint/BP_PXR_Cubemap.uasset" 773
"C:/Users/Administrator/Downloads/HandTracking20221223/Plugins/PICOXR/Content/Blueprint/BP_PXR_Cubemap.uexp" 774
"C:/Users/Administrator/Downloads/HandTracking20221223/Plugins/PICOXR/Content/Blueprint/PHFDataTable.uasset" 775
"C:/Users/Administrator/Downloads/HandTracking20221223/Plugins/PICOXR/Content/Blueprint/PHFDataTable.uexp" 776
"C:/Users/Administrator/Downloads/HandTracking20221223/Plugins/PICOXR/Content/Textures/G2Texture/G2_Normal.uasset" 777
"C:/Users/Administrator/Downloads/HandTracking20221223/Plugins/PICOXR/Content/Textures/G2Texture/G2_Normal.uexp" 778
"C:/Users/Administrator/Downloads/HandTracking20221223/Plugins/PICOXR/Content/Materials/Mat_Controller.uasset" 779
"C:/Users/Administrator/Downloads/HandTracking20221223/Plugins/PICOXR/Content/Materials/Mat_Controller.uexp" 780
"C:/Users/Administrator/Downloads/HandTracking20221223/Plugins/PICOXR/Content/Materials/Mat_EyeMask.uasset" 781
"C:/Users/Administrator/Downloads/HandTracking20221223/Plugins/PICOXR/Content/Materials/Mat_EyeMask.uexp" 782
"C:/Users/Administrator/Downloads/HandTracking20221223/Plugins/PICOXR/Content/Materials/Mat_MRC.uasset" 783
"C:/Users/Administrator/Downloads/HandTracking20221223/Plugins/PICOXR/Content/Materials/Mat_MRC.uexp" 784
"C:/Users/Administrator/Downloads/HandTracking20221223/Plugins/PICOXR/Content/Materials/UnderlayMaterial.uasset" 785
"C:/Users/Administrator/Downloads/HandTracking20221223/Plugins/PICOXR/Content/Materials/UnderlayMaterial.uexp" 786
"C:/Users/Administrator/Downloads/HandTracking20221223/Plugins/PICOXR/Content/Materials/Hand/M_Ray.uasset" 787
"C:/Users/Administrator/Downloads/HandTracking20221223/Plugins/PICOXR/Content/Materials/Hand/M_Ray.uexp" 788
"C:/Users/Administrator/Downloads/HandTracking20221223/Plugins/PICOXR/Content/Materials/Hand/MI_Ray.uasset" 789
"C:/Users/Administrator/Downloads/HandTracking20221223/Plugins/PICOXR/Content/Materials/Hand/MI_Ray.uexp" 790
"C:/Users/Administrator/Downloads/HandTracking20221223/Plugins/PICOXR/Content/Materials/Mat_TouchPoint.uasset" 791
"C:/Users/Administrator/Downloads/HandTracking20221223/Plugins/PICOXR/Content/Materials/Mat_TouchPoint.uexp" 792
"C:/Users/Administrator/Downloads/HandTracking20221223/Plugins/PICOXR/Content/Meshes/Mesh_TouchPoint.uasset" 793
"C:/Users/Administrator/Downloads/HandTracking20221223/Plugins/PICOXR/Content/Meshes/Mesh_TouchPoint.uexp" 794
"C:/Users/Administrator/Downloads/HandTracking20221223/Plugins/PICOXR/Content/Meshes/PICO3_Controller/LeftController/PICO3_L_Skeleton.uasset" 795
"C:/Users/Administrator/Downloads/HandTracking20221223/Plugins/PICOXR/Content/Meshes/PICO3_Controller/LeftController/PICO3_L_Skeleton.uexp" 796
"C:/Users/Administrator/Downloads/HandTracking20221223/Plugins/PICOXR/Content/Meshes/PICO3_Controller/LeftController/PICO3_L_Idle.uasset" 797
"C:/Users/Administrator/Downloads/HandTracking20221223/Plugins/PICOXR/Content/Meshes/PICO3_Controller/LeftController/PICO3_L_Idle.uexp" 798
"C:/Users/Administrator/Downloads/HandTracking20221223/Plugins/PICOXR/Content/Meshes/PICO3_Controller/LeftController/PICO3_L_MenuDown.uasset" 799
"C:/Users/Administrator/Downloads/HandTracking20221223/Plugins/PICOXR/Content/Meshes/PICO3_Controller/LeftController/PICO3_L_MenuDown.uexp" 800
"C:/Users/Administrator/Downloads/HandTracking20221223/Plugins/PICOXR/Content/Meshes/PICO3_Controller/LeftController/PICO3_L_PicoDown.uasset" 801
"C:/Users/Administrator/Downloads/HandTracking20221223/Plugins/PICOXR/Content/Meshes/PICO3_Controller/LeftController/PICO3_L_PicoDown.uexp" 802
"C:/Users/Administrator/Downloads/HandTracking20221223/Plugins/PICOXR/Content/Meshes/PICO3_Controller/LeftController/PICO3_L_PrimaryDown.uasset" 803
"C:/Users/Administrator/Downloads/HandTracking20221223/Plugins/PICOXR/Content/Meshes/PICO3_Controller/LeftController/PICO3_L_PrimaryDown.uexp" 804
"C:/Users/Administrator/Downloads/HandTracking20221223/Plugins/PICOXR/Content/Meshes/PICO3_Controller/LeftController/PICO3_L_SecondaryDown.uasset" 805
"C:/Users/Administrator/Downloads/HandTracking20221223/Plugins/PICOXR/Content/Meshes/PICO3_Controller/LeftController/PICO3_L_SecondaryDown.uexp" 806
"C:/Users/Administrator/Downloads/HandTracking20221223/Plugins/PICOXR/Content/Meshes/PICO3_Controller/Materials/controller5_a.uasset" 807
"C:/Users/Administrator/Downloads/HandTracking20221223/Plugins/PICOXR/Content/Meshes/PICO3_Controller/Materials/controller5_a.uexp" 808
"C:/Users/Administrator/Downloads/HandTracking20221223/Plugins/PICOXR/Content/Meshes/PICO3_Controller/Materials/controller5_a.ubulk" 809
"C:/Users/Administrator/Downloads/HandTracking20221223/Plugins/PICOXR/Content/Meshes/PICO3_Controller/Materials/controller5_app.uasset" 810
"C:/Users/Administrator/Downloads/HandTracking20221223/Plugins/PICOXR/Content/Meshes/PICO3_Controller/Materials/controller5_app.uexp" 811
"C:/Users/Administrator/Downloads/HandTracking20221223/Plugins/PICOXR/Content/Meshes/PICO3_Controller/Materials/controller5_app.ubulk" 812
"C:/Users/Administrator/Downloads/HandTracking20221223/Plugins/PICOXR/Content/Meshes/PICO3_Controller/Materials/controller5_b.uasset" 813
"C:/Users/Administrator/Downloads/HandTracking20221223/Plugins/PICOXR/Content/Meshes/PICO3_Controller/Materials/controller5_b.uexp" 814
"C:/Users/Administrator/Downloads/HandTracking20221223/Plugins/PICOXR/Content/Meshes/PICO3_Controller/Materials/controller5_b.ubulk" 815
"C:/Users/Administrator/Downloads/HandTracking20221223/Plugins/PICOXR/Content/Meshes/PICO3_Controller/Materials/controller5_grip.uasset" 816
"C:/Users/Administrator/Downloads/HandTracking20221223/Plugins/PICOXR/Content/Meshes/PICO3_Controller/Materials/controller5_grip.uexp" 817
"C:/Users/Administrator/Downloads/HandTracking20221223/Plugins/PICOXR/Content/Meshes/PICO3_Controller/Materials/controller5_grip.ubulk" 818
"C:/Users/Administrator/Downloads/HandTracking20221223/Plugins/PICOXR/Content/Meshes/PICO3_Controller/Materials/controller5_home.uasset" 819
"C:/Users/Administrator/Downloads/HandTracking20221223/Plugins/PICOXR/Content/Meshes/PICO3_Controller/Materials/controller5_home.uexp" 820
"C:/Users/Administrator/Downloads/HandTracking20221223/Plugins/PICOXR/Content/Meshes/PICO3_Controller/Materials/controller5_home.ubulk" 821
"C:/Users/Administrator/Downloads/HandTracking20221223/Plugins/PICOXR/Content/Meshes/PICO3_Controller/Materials/controller5_touch.uasset" 822
"C:/Users/Administrator/Downloads/HandTracking20221223/Plugins/PICOXR/Content/Meshes/PICO3_Controller/Materials/controller5_touch.uexp" 823
"C:/Users/Administrator/Downloads/HandTracking20221223/Plugins/PICOXR/Content/Meshes/PICO3_Controller/Materials/controller5_touch.ubulk" 824
"C:/Users/Administrator/Downloads/HandTracking20221223/Plugins/PICOXR/Content/Meshes/PICO3_Controller/Materials/controller5_trigger.uasset" 825
"C:/Users/Administrator/Downloads/HandTracking20221223/Plugins/PICOXR/Content/Meshes/PICO3_Controller/Materials/controller5_trigger.uexp" 826
"C:/Users/Administrator/Downloads/HandTracking20221223/Plugins/PICOXR/Content/Meshes/PICO3_Controller/Materials/controller5_trigger.ubulk" 827
"C:/Users/Administrator/Downloads/HandTracking20221223/Plugins/PICOXR/Content/Meshes/PICO3_Controller/Materials/controller5_x.uasset" 828
"C:/Users/Administrator/Downloads/HandTracking20221223/Plugins/PICOXR/Content/Meshes/PICO3_Controller/Materials/controller5_x.uexp" 829
"C:/Users/Administrator/Downloads/HandTracking20221223/Plugins/PICOXR/Content/Meshes/PICO3_Controller/Materials/controller5_x.ubulk" 830
"C:/Users/Administrator/Downloads/HandTracking20221223/Plugins/PICOXR/Content/Meshes/PICO3_Controller/Materials/controller5_y.uasset" 831
"C:/Users/Administrator/Downloads/HandTracking20221223/Plugins/PICOXR/Content/Meshes/PICO3_Controller/Materials/controller5_y.uexp" 832
"C:/Users/Administrator/Downloads/HandTracking20221223/Plugins/PICOXR/Content/Meshes/PICO3_Controller/Materials/controller5_y.ubulk" 833
"C:/Users/Administrator/Downloads/HandTracking20221223/Plugins/PICOXR/Content/Meshes/PICO3_Controller/RightController/PICO3_R_Skeleton.uasset" 834
"C:/Users/Administrator/Downloads/HandTracking20221223/Plugins/PICOXR/Content/Meshes/PICO3_Controller/RightController/PICO3_R_Skeleton.uexp" 835
"C:/Users/Administrator/Downloads/HandTracking20221223/Plugins/PICOXR/Content/Meshes/PICO3_Controller/RightController/PICO3_R_Idle.uasset" 836
"C:/Users/Administrator/Downloads/HandTracking20221223/Plugins/PICOXR/Content/Meshes/PICO3_Controller/RightController/PICO3_R_Idle.uexp" 837
"C:/Users/Administrator/Downloads/HandTracking20221223/Plugins/PICOXR/Content/Meshes/PICO3_Controller/RightController/PICO3_R_MediaDown.uasset" 838
"C:/Users/Administrator/Downloads/HandTracking20221223/Plugins/PICOXR/Content/Meshes/PICO3_Controller/RightController/PICO3_R_MediaDown.uexp" 839
"C:/Users/Administrator/Downloads/HandTracking20221223/Plugins/PICOXR/Content/Meshes/PICO3_Controller/RightController/PICO3_R_PicoDown.uasset" 840
"C:/Users/Administrator/Downloads/HandTracking20221223/Plugins/PICOXR/Content/Meshes/PICO3_Controller/RightController/PICO3_R_PicoDown.uexp" 841
"C:/Users/Administrator/Downloads/HandTracking20221223/Plugins/PICOXR/Content/Meshes/PICO3_Controller/RightController/PICO3_R_PrimaryDown.uasset" 842
"C:/Users/Administrator/Downloads/HandTracking20221223/Plugins/PICOXR/Content/Meshes/PICO3_Controller/RightController/PICO3_R_PrimaryDown.uexp" 843
"C:/Users/Administrator/Downloads/HandTracking20221223/Plugins/PICOXR/Content/Meshes/PICO3_Controller/RightController/PICO3_R_SecondaryDown.uasset" 844
"C:/Users/Administrator/Downloads/HandTracking20221223/Plugins/PICOXR/Content/Meshes/PICO3_Controller/RightController/PICO3_R_SecondaryDown.uexp" 845
"C:/Users/Administrator/Downloads/HandTracking20221223/Plugins/PICOXR/Content/Textures/MRCRT_BG.uasset" 846
"C:/Users/Administrator/Downloads/HandTracking20221223/Plugins/PICOXR/Content/Textures/MRCRT_BG.uexp" 847
"C:/Users/Administrator/Downloads/HandTracking20221223/Plugins/PICOXR/Content/Textures/MRCRT_FG.uasset" 848
"C:/Users/Administrator/Downloads/HandTracking20221223/Plugins/PICOXR/Content/Textures/MRCRT_FG.uexp" 849
"C:/Users/Administrator/Downloads/HandTracking20221223/Plugins/PICOXR/Content/Textures/G2Texture/G2_Back.uasset" 850
"C:/Users/Administrator/Downloads/HandTracking20221223/Plugins/PICOXR/Content/Textures/G2Texture/G2_Back.uexp" 851
"C:/Users/Administrator/Downloads/HandTracking20221223/Plugins/PICOXR/Content/Textures/G2Texture/G2_Home.uasset" 852
"C:/Users/Administrator/Downloads/HandTracking20221223/Plugins/PICOXR/Content/Textures/G2Texture/G2_Home.uexp" 853
"C:/Users/Administrator/Downloads/HandTracking20221223/Plugins/PICOXR/Content/Textures/G2Texture/G2_Touchpad.uasset" 854
"C:/Users/Administrator/Downloads/HandTracking20221223/Plugins/PICOXR/Content/Textures/G2Texture/G2_Touchpad.uexp" 855
"C:/Users/Administrator/Downloads/HandTracking20221223/Plugins/PICOXR/Content/Textures/G2Texture/G2_Trigger.uasset" 856
"C:/Users/Administrator/Downloads/HandTracking20221223/Plugins/PICOXR/Content/Textures/G2Texture/G2_Trigger.uexp" 857
"C:/Users/Administrator/Downloads/HandTracking20221223/Plugins/PICOXR/Content/Textures/G2Texture/G2_VolumeDown.uasset" 858
"C:/Users/Administrator/Downloads/HandTracking20221223/Plugins/PICOXR/Content/Textures/G2Texture/G2_VolumeDown.uexp" 859
"C:/Users/Administrator/Downloads/HandTracking20221223/Plugins/PICOXR/Content/Textures/G2Texture/G2_VolumeUp.uasset" 860
"C:/Users/Administrator/Downloads/HandTracking20221223/Plugins/PICOXR/Content/Textures/G2Texture/G2_VolumeUp.uexp" 861
"C:/Users/Administrator/Downloads/HandTracking20221223/Plugins/PICOXR/Content/Textures/Neo2Texture/Neo2_A.uasset" 862
"C:/Users/Administrator/Downloads/HandTracking20221223/Plugins/PICOXR/Content/Textures/Neo2Texture/Neo2_A.uexp" 863
"C:/Users/Administrator/Downloads/HandTracking20221223/Plugins/PICOXR/Content/Textures/Neo2Texture/Neo2_B.uasset" 864
"C:/Users/Administrator/Downloads/HandTracking20221223/Plugins/PICOXR/Content/Textures/Neo2Texture/Neo2_B.uexp" 865
"C:/Users/Administrator/Downloads/HandTracking20221223/Plugins/PICOXR/Content/Textures/Neo2Texture/Neo2_Back.uasset" 866
"C:/Users/Administrator/Downloads/HandTracking20221223/Plugins/PICOXR/Content/Textures/Neo2Texture/Neo2_Back.uexp" 867
"C:/Users/Administrator/Downloads/HandTracking20221223/Plugins/PICOXR/Content/Textures/Neo2Texture/Neo2_Grip.uasset" 868
"C:/Users/Administrator/Downloads/HandTracking20221223/Plugins/PICOXR/Content/Textures/Neo2Texture/Neo2_Grip.uexp" 869
"C:/Users/Administrator/Downloads/HandTracking20221223/Plugins/PICOXR/Content/Textures/Neo2Texture/Neo2_Home.uasset" 870
"C:/Users/Administrator/Downloads/HandTracking20221223/Plugins/PICOXR/Content/Textures/Neo2Texture/Neo2_Home.uexp" 871
"C:/Users/Administrator/Downloads/HandTracking20221223/Plugins/PICOXR/Content/Textures/Neo2Texture/Neo2_Rocker.uasset" 872
"C:/Users/Administrator/Downloads/HandTracking20221223/Plugins/PICOXR/Content/Textures/Neo2Texture/Neo2_Rocker.uexp" 873
"C:/Users/Administrator/Downloads/HandTracking20221223/Plugins/PICOXR/Content/Textures/Neo2Texture/Neo2_Trigger.uasset" 874
"C:/Users/Administrator/Downloads/HandTracking20221223/Plugins/PICOXR/Content/Textures/Neo2Texture/Neo2_Trigger.uexp" 875
"C:/Users/Administrator/Downloads/HandTracking20221223/Plugins/PICOXR/Content/Textures/Neo2Texture/Neo2_X.uasset" 876
"C:/Users/Administrator/Downloads/HandTracking20221223/Plugins/PICOXR/Content/Textures/Neo2Texture/Neo2_X.uexp" 877
"C:/Users/Administrator/Downloads/HandTracking20221223/Plugins/PICOXR/Content/Textures/Neo2Texture/Neo2_Y.uasset" 878
"C:/Users/Administrator/Downloads/HandTracking20221223/Plugins/PICOXR/Content/Textures/Neo2Texture/Neo2_Y.uexp" 879
"C:/Users/Administrator/Downloads/HandTracking20221223/Plugins/PICOXR/Content/Textures/Neo3Texture/Neo3_A.uasset" 880
"C:/Users/Administrator/Downloads/HandTracking20221223/Plugins/PICOXR/Content/Textures/Neo3Texture/Neo3_A.uexp" 881
"C:/Users/Administrator/Downloads/HandTracking20221223/Plugins/PICOXR/Content/Textures/Neo3Texture/Neo3_B.uasset" 882
"C:/Users/Administrator/Downloads/HandTracking20221223/Plugins/PICOXR/Content/Textures/Neo3Texture/Neo3_B.uexp" 883
"C:/Users/Administrator/Downloads/HandTracking20221223/Plugins/PICOXR/Content/Textures/Neo3Texture/Neo3_Back.uasset" 884
"C:/Users/Administrator/Downloads/HandTracking20221223/Plugins/PICOXR/Content/Textures/Neo3Texture/Neo3_Back.uexp" 885
"C:/Users/Administrator/Downloads/HandTracking20221223/Plugins/PICOXR/Content/Textures/Neo3Texture/Neo3_Grip.uasset" 886
"C:/Users/Administrator/Downloads/HandTracking20221223/Plugins/PICOXR/Content/Textures/Neo3Texture/Neo3_Grip.uexp" 887
"C:/Users/Administrator/Downloads/HandTracking20221223/Plugins/PICOXR/Content/Textures/Neo3Texture/Neo3_Home.uasset" 888
"C:/Users/Administrator/Downloads/HandTracking20221223/Plugins/PICOXR/Content/Textures/Neo3Texture/Neo3_Home.uexp" 889
"C:/Users/Administrator/Downloads/HandTracking20221223/Plugins/PICOXR/Content/Textures/Neo3Texture/Neo3_Rocker.uasset" 890
"C:/Users/Administrator/Downloads/HandTracking20221223/Plugins/PICOXR/Content/Textures/Neo3Texture/Neo3_Rocker.uexp" 891
"C:/Users/Administrator/Downloads/HandTracking20221223/Plugins/PICOXR/Content/Textures/Neo3Texture/Neo3_Trigger.uasset" 892
"C:/Users/Administrator/Downloads/HandTracking20221223/Plugins/PICOXR/Content/Textures/Neo3Texture/Neo3_Trigger.uexp" 893
"C:/Users/Administrator/Downloads/HandTracking20221223/Plugins/PICOXR/Content/Textures/Neo3Texture/Neo3_X.uasset" 894
"C:/Users/Administrator/Downloads/HandTracking20221223/Plugins/PICOXR/Content/Textures/Neo3Texture/Neo3_X.uexp" 895
"C:/Users/Administrator/Downloads/HandTracking20221223/Plugins/PICOXR/Content/Textures/Neo3Texture/Neo3_Y.uasset" 896
"C:/Users/Administrator/Downloads/HandTracking20221223/Plugins/PICOXR/Content/Textures/Neo3Texture/Neo3_Y.uexp" 897
"C:/Users/Administrator/Downloads/HandTracking20221223/Plugins/PICOXR/Content/Textures/PICO_4_Textures/PICO_4_controller_Hight.uasset" 898
"C:/Users/Administrator/Downloads/HandTracking20221223/Plugins/PICOXR/Content/Textures/PICO_4_Textures/PICO_4_controller_Hight.uexp" 899
"C:/Users/Administrator/Downloads/HandTracking20221223/Plugins/PICOXR/Content/Textures/PICO_4_Textures/PICO_4_controller_Hight.ubulk" 900
"C:/Users/Administrator/Downloads/HandTracking20221223/Plugins/PICOXR/Content/Textures/PICO_4_Textures/PICO_4_controller_L_AO.uasset" 901
"C:/Users/Administrator/Downloads/HandTracking20221223/Plugins/PICOXR/Content/Textures/PICO_4_Textures/PICO_4_controller_L_AO.uexp" 902
"C:/Users/Administrator/Downloads/HandTracking20221223/Plugins/PICOXR/Content/Textures/PICO_4_Textures/PICO_4_controller_L_AO.ubulk" 903
"C:/Users/Administrator/Downloads/HandTracking20221223/Plugins/PICOXR/Content/Textures/PICO_4_Textures/PICO_4_controller_Normal.uasset" 904
"C:/Users/Administrator/Downloads/HandTracking20221223/Plugins/PICOXR/Content/Textures/PICO_4_Textures/PICO_4_controller_Normal.uexp" 905
"C:/Users/Administrator/Downloads/HandTracking20221223/Plugins/PICOXR/Content/Textures/PICO_4_Textures/PICO_4_controller_Normal.ubulk" 906
"C:/Users/Administrator/Downloads/HandTracking20221223/Plugins/PICOXR/Content/Textures/PICO_4_Textures/PICO_4_controller_R_AO.uasset" 907
"C:/Users/Administrator/Downloads/HandTracking20221223/Plugins/PICOXR/Content/Textures/PICO_4_Textures/PICO_4_controller_R_AO.uexp" 908
"C:/Users/Administrator/Downloads/HandTracking20221223/Plugins/PICOXR/Content/Textures/PICO_4_Textures/PICO_4_controller_R_AO.ubulk" 909
"C:/Users/Administrator/Downloads/HandTracking20221223/Plugins/PICOXR/Content/Textures/PowerTexture/Power0_White.uasset" 910
"C:/Users/Administrator/Downloads/HandTracking20221223/Plugins/PICOXR/Content/Textures/PowerTexture/Power0_White.uexp" 911
"../../../Engine/Content/BasicShapes/Cube.uasset" 912
"../../../Engine/Content/BasicShapes/Cube.uexp" 913
"../../../Engine/Content/BasicShapes/BasicShapeMaterial.uasset" 914
"../../../Engine/Content/BasicShapes/BasicShapeMaterial.uexp" 915
"C:/Users/Administrator/Downloads/HandTracking20221223/Content/VRTemplate/Maps/NewWorld.uexp" 916
"C:/Users/Administrator/Downloads/HandTracking20221223/Content/VRTemplate/Maps/NewWorld.umap" 917
"../../../Engine/Content/VREditor/BasicMeshes/T_CleanFloorGrunge_01_D.uasset" 918
"../../../Engine/Content/VREditor/BasicMeshes/T_CleanFloorGrunge_01_D.uexp" 919
"../../../Engine/Content/VREditor/BasicMeshes/T_CleanFloorGrunge_01_D.ubulk" 920
"../../../Engine/Content/VREditor/BasicMeshes/M_Floor_01.uasset" 921
"../../../Engine/Content/VREditor/BasicMeshes/M_Floor_01.uexp" 922
"../../../Engine/Content/VREditor/BasicMeshes/MI_Ball_01.uasset" 923
"../../../Engine/Content/VREditor/BasicMeshes/MI_Ball_01.uexp" 924
"../../../Engine/Content/VREditor/BasicMeshes/SM_Ball_01.uasset" 925
"../../../Engine/Content/VREditor/BasicMeshes/SM_Ball_01.uexp" 926
"../../../Engine/Content/EngineSky/T_Sky_Stars.uasset" 927
"../../../Engine/Content/EngineSky/T_Sky_Stars.uexp" 928
"../../../Engine/Content/EngineSky/T_Sky_Stars.ubulk" 929
"../../../Engine/Content/EngineSky/T_Sky_Clouds_M.uasset" 930
"../../../Engine/Content/EngineSky/T_Sky_Clouds_M.uexp" 931
"../../../Engine/Content/EngineSky/T_Sky_Clouds_M.ubulk" 932
"../../../Engine/Content/EngineSky/T_Sky_Blue.uasset" 933
"../../../Engine/Content/EngineSky/T_Sky_Blue.uexp" 934
"../../../Engine/Content/EngineSky/T_Sky_Blue.ubulk" 935
"C:/Users/Administrator/Downloads/HandTracking20221223/Content/VRTemplate/Textures/T_Grid.uasset" 936
"C:/Users/Administrator/Downloads/HandTracking20221223/Content/VRTemplate/Textures/T_Grid.uexp" 937
"C:/Users/Administrator/Downloads/HandTracking20221223/Content/VRTemplate/Textures/T_Grid.ubulk" 938
"../../../Engine/Content/Functions/Engine_MaterialFunctions02/Utility/MakeFloat3.uasset" 939
"../../../Engine/Content/Functions/Engine_MaterialFunctions02/Utility/MakeFloat3.uexp" 940
"../../../Engine/Content/Functions/Engine_MaterialFunctions02/Utility/AppendMany.uasset" 941
"../../../Engine/Content/Functions/Engine_MaterialFunctions02/Utility/AppendMany.uexp" 942
"../../../Engine/Content/Functions/Engine_MaterialFunctions01/Gradient/LinearGradient.uasset" 943
"../../../Engine/Content/Functions/Engine_MaterialFunctions01/Gradient/LinearGradient.uexp" 944
"../../../Engine/Content/Functions/Engine_MaterialFunctions01/ImageAdjustment/CheapContrast.uasset" 945
"../../../Engine/Content/Functions/Engine_MaterialFunctions01/ImageAdjustment/CheapContrast.uexp" 946
"../../../Engine/Content/Functions/Engine_MaterialFunctions01/Texturing/WorldAlignedTexture.uasset" 947
"../../../Engine/Content/Functions/Engine_MaterialFunctions01/Texturing/WorldAlignedTexture.uexp" 948
"C:/Users/Administrator/Downloads/HandTracking20221223/Content/VRTemplate/Materials/M_GridRotation.uasset" 949
"C:/Users/Administrator/Downloads/HandTracking20221223/Content/VRTemplate/Materials/M_GridRotation.uexp" 950
"C:/Users/Administrator/Downloads/HandTracking20221223/Content/VRTemplate/Materials/MI_Grid_Default.uasset" 951
"C:/Users/Administrator/Downloads/HandTracking20221223/Content/VRTemplate/Materials/MI_Grid_Default.uexp" 952
"C:/Users/Administrator/Downloads/HandTracking20221223/Content/VRTemplate/Materials/MI_Grid_Accent.uasset" 953
"C:/Users/Administrator/Downloads/HandTracking20221223/Content/VRTemplate/Materials/MI_Grid_Accent.uexp" 954
"../../../Engine/Content/EngineSky/M_Sky_Panning_Clouds2.uasset" 955
"../../../Engine/Content/EngineSky/M_Sky_Panning_Clouds2.uexp" 956
"C:/Users/Administrator/Downloads/HandTracking20221223/Content/VRTemplate/Maps/VRTemplateMap_BuiltData.uasset" 957
"C:/Users/Administrator/Downloads/HandTracking20221223/Content/VRTemplate/Maps/VRTemplateMap_BuiltData.uexp" 958
"C:/Users/Administrator/Downloads/HandTracking20221223/Content/VRTemplate/Maps/VRTemplateMap_BuiltData.ubulk" 959
"../../../Engine/Content/EngineSky/SM_SkySphere.uasset" 960
"../../../Engine/Content/EngineSky/SM_SkySphere.uexp" 961
"../../../Engine/Content/EngineSky/C_Sky_Zenith_Color.uasset" 962
"../../../Engine/Content/EngineSky/C_Sky_Zenith_Color.uexp" 963
"../../../Engine/Content/EngineSky/C_Sky_Horizon_Color.uasset" 964
"../../../Engine/Content/EngineSky/C_Sky_Horizon_Color.uexp" 965
"../../../Engine/Content/EngineSky/C_Sky_Cloud_Color.uasset" 966
"../../../Engine/Content/EngineSky/C_Sky_Cloud_Color.uexp" 967
"../../../Engine/Content/EngineSky/BP_Sky_Sphere.uasset" 968
"../../../Engine/Content/EngineSky/BP_Sky_Sphere.uexp" 969
"../../../Engine/Content/VREditor/BasicMeshes/MI_Cube_01.uasset" 970
"../../../Engine/Content/VREditor/BasicMeshes/MI_Cube_01.uexp" 971
"../../../Engine/Content/VREditor/BasicMeshes/SM_Cube_01.uasset" 972
"../../../Engine/Content/VREditor/BasicMeshes/SM_Cube_01.uexp" 973
"C:/Users/Administrator/Downloads/HandTracking20221223/Content/VRTemplate/Blueprints/Grabbable_SmallCube.uasset" 974
"C:/Users/Administrator/Downloads/HandTracking20221223/Content/VRTemplate/Blueprints/Grabbable_SmallCube.uexp" 975
"C:/Users/Administrator/Downloads/HandTracking20221223/Content/VRTemplate/Audio/Fire01.uasset" 976
"C:/Users/Administrator/Downloads/HandTracking20221223/Content/VRTemplate/Audio/Fire01.uexp" 977
"C:/Users/Administrator/Downloads/HandTracking20221223/Content/VRTemplate/Audio/Fire_Cue.uasset" 978
"C:/Users/Administrator/Downloads/HandTracking20221223/Content/VRTemplate/Audio/Fire_Cue.uexp" 979
"C:/Users/Administrator/Downloads/HandTracking20221223/Content/UI/KeyboardWidget.uasset" 980
"C:/Users/Administrator/Downloads/HandTracking20221223/Content/UI/KeyboardWidget.uexp" 981
"C:/Users/Administrator/Downloads/HandTracking20221223/Content/UI/UIInteraction_Widget.uasset" 982
"C:/Users/Administrator/Downloads/HandTracking20221223/Content/UI/UIInteraction_Widget.uexp" 983
"C:/Users/Administrator/Downloads/HandTracking20221223/Content/UI/UIInteractionWidget_Actor.uasset" 984
"C:/Users/Administrator/Downloads/HandTracking20221223/Content/UI/UIInteractionWidget_Actor.uexp" 985
"C:/Users/Administrator/Downloads/HandTracking20221223/Content/Geometry/Meshes/CubeMaterial.uasset" 986
"C:/Users/Administrator/Downloads/HandTracking20221223/Content/Geometry/Meshes/CubeMaterial.uexp" 987
"C:/Users/Administrator/Downloads/HandTracking20221223/Content/Geometry/Meshes/TemplateFloor.uasset" 988
"C:/Users/Administrator/Downloads/HandTracking20221223/Content/Geometry/Meshes/TemplateFloor.uexp" 989
"C:/Users/Administrator/Downloads/HandTracking20221223/Content/Geometry/Meshes/1M_Cube_Chamfer.uasset" 990
"C:/Users/Administrator/Downloads/HandTracking20221223/Content/Geometry/Meshes/1M_Cube_Chamfer.uexp" 991
"C:/Users/Administrator/Downloads/HandTracking20221223/Content/Geometry/Meshes/1M_Cube.uasset" 992
"C:/Users/Administrator/Downloads/HandTracking20221223/Content/Geometry/Meshes/1M_Cube.uexp" 993
"C:/Users/Administrator/Downloads/HandTracking20221223/Content/VRTemplate/Maps/VRTemplateMap.uexp" 994
"C:/Users/Administrator/Downloads/HandTracking20221223/Content/VRTemplate/Maps/VRTemplateMap.umap" 995
"../../../Engine/Content/Maps/Entry_BuiltData.uasset" 996
"../../../Engine/Content/Maps/Entry_BuiltData.uexp" 997
"../../../Engine/Content/Maps/Entry.uexp" 998
"../../../Engine/Content/Maps/Entry.umap" 999
